

================================================================
== Vivado HLS Report for 'generic_tanh_double_s'
================================================================
* Date:           Tue Sep 13 00:38:30 2022

* Version:        2019.2 (Build 2704478 on Wed Nov 06 22:10:23 MST 2019)
* Project:        cg4002
* Solution:       solution1
* Product family: zynquplus
* Target device:  xczu3eg-sbva484-1-i


================================================================
== Performance Estimates
================================================================
+ Timing: 
    * Summary: 
    +--------+----------+----------+------------+
    |  Clock |  Target  | Estimated| Uncertainty|
    +--------+----------+----------+------------+
    |ap_clk  | 10.00 ns | 9.327 ns |   1.25 ns  |
    +--------+----------+----------+------------+

+ Latency: 
    * Summary: 
    +---------+---------+-----------+----------+-----+-----+---------+
    |  Latency (cycles) |  Latency (absolute)  |  Interval | Pipeline|
    |   min   |   max   |    min    |    max   | min | max |   Type  |
    +---------+---------+-----------+----------+-----+-----+---------+
    |        1|       50| 10.000 ns | 0.500 us |    1|   50|   none  |
    +---------+---------+-----------+----------+-----+-----+---------+

    + Detail: 
        * Instance: 
        +--------------------------------+----------------------+---------+---------+-----------+-----------+-----+-----+----------+
        |                                |                      |  Latency (cycles) |   Latency (absolute)  |  Interval | Pipeline |
        |            Instance            |        Module        |   min   |   max   |    min    |    max    | min | max |   Type   |
        +--------------------------------+----------------------+---------+---------+-----------+-----------+-----+-----+----------+
        |grp_exp_generic_double_s_fu_87  |exp_generic_double_s  |        6|        6| 60.000 ns | 60.000 ns |    1|    1| function |
        +--------------------------------+----------------------+---------+---------+-----------+-----------+-----+-----+----------+

        * Loop: 
        N/A



================================================================
== Utilization Estimates
================================================================
* Summary: 
+-----------------+---------+-------+--------+-------+-----+
|       Name      | BRAM_18K| DSP48E|   FF   |  LUT  | URAM|
+-----------------+---------+-------+--------+-------+-----+
|DSP              |        -|      -|       -|      -|    -|
|Expression       |        -|      -|       0|    491|    -|
|FIFO             |        -|      -|       -|      -|    -|
|Instance         |        7|     38|    4133|   7062|    -|
|Memory           |        -|      -|       -|      -|    -|
|Multiplexer      |        -|      -|       -|    544|    -|
|Register         |        -|      -|     683|      -|    -|
+-----------------+---------+-------+--------+-------+-----+
|Total            |        7|     38|    4816|   8097|    0|
+-----------------+---------+-------+--------+-------+-----+
|Available        |      432|    360|  141120|  70560|    0|
+-----------------+---------+-------+--------+-------+-----+
|Utilization (%)  |        1|     10|       3|     11|    0|
+-----------------+---------+-------+--------+-------+-----+

+ Detail: 
    * Instance: 
    +--------------------------------+----------------------+---------+-------+------+------+-----+
    |            Instance            |        Module        | BRAM_18K| DSP48E|  FF  |  LUT | URAM|
    +--------------------------------+----------------------+---------+-------+------+------+-----+
    |grp_exp_generic_double_s_fu_87  |exp_generic_double_s  |        7|     24|  1011|  2723|    0|
    |myip_v1_0_HLS_dadfYi_U7         |myip_v1_0_HLS_dadfYi  |        0|      3|   445|   781|    0|
    |myip_v1_0_HLS_dcmibs_U10        |myip_v1_0_HLS_dcmibs  |        0|      0|   130|   113|    0|
    |myip_v1_0_HLS_ddihbi_U9         |myip_v1_0_HLS_ddihbi  |        0|      0|  2248|  3242|    0|
    |myip_v1_0_HLS_dmug8j_U8         |myip_v1_0_HLS_dmug8j  |        0|     11|   299|   203|    0|
    +--------------------------------+----------------------+---------+-------+------+------+-----+
    |Total                           |                      |        7|     38|  4133|  7062|    0|
    +--------------------------------+----------------------+---------+-------+------+------+-----+

    * DSP48E: 
    N/A

    * Memory: 
    N/A

    * FIFO: 
    N/A

    * Expression: 
    +---------------------------------------+----------+-------+---+----+------------+------------+
    |             Variable Name             | Operation| DSP48E| FF| LUT| Bitwidth P0| Bitwidth P1|
    +---------------------------------------+----------+-------+---+----+------------+------------+
    |and_ln75_fu_209_p2                     |    and   |      0|  0|   2|           1|           1|
    |grp_fu_122_p2                          |   icmp   |      0|  0|  29|          52|           1|
    |grp_fu_127_p2                          |   icmp   |      0|  0|  13|          11|           1|
    |icmp_ln10_fu_268_p2                    |   icmp   |      0|  0|  13|          11|          10|
    |icmp_ln833_1_fu_203_p2                 |   icmp   |      0|  0|  13|          11|          10|
    |icmp_ln833_fu_191_p2                   |   icmp   |      0|  0|  13|          11|           2|
    |icmp_ln849_1_fu_223_p2                 |   icmp   |      0|  0|  13|          11|          10|
    |icmp_ln849_fu_197_p2                   |   icmp   |      0|  0|  13|          11|          10|
    |icmp_ln9_fu_280_p2                     |   icmp   |      0|  0|  13|          11|          10|
    |ap_predicate_op138_call_state8_state7  |    or    |      0|  0|   2|           1|           1|
    |or_ln10_fu_274_p2                      |    or    |      0|  0|   2|           1|           1|
    |or_ln9_fu_286_p2                       |    or    |      0|  0|   2|           1|           1|
    |select_ln67_fu_215_p3                  |  select  |      0|  0|  56|           1|          62|
    |select_ln775_fu_306_p3                 |  select  |      0|  0|  56|           1|          64|
    |x_3_fu_238_p3                          |  select  |      0|  0|  56|           1|          64|
    |xor_ln112_fu_296_p2                    |    xor   |      0|  0|  65|          64|          65|
    |xor_ln84_fu_228_p2                     |    xor   |      0|  0|  65|          64|          65|
    |xor_ln95_fu_317_p2                     |    xor   |      0|  0|  65|          64|          65|
    +---------------------------------------+----------+-------+---+----+------------+------------+
    |Total                                  |          |      0|  0| 491|         328|         443|
    +---------------------------------------+----------+-------+---+----+------------+------------+

    * Multiplexer: 
    +------------------------------------+-----+-----------+-----+-----------+
    |                Name                | LUT | Input Size| Bits| Total Bits|
    +------------------------------------+-----+-----------+-----+-----------+
    |ap_NS_fsm                           |  389|         89|    1|         89|
    |ap_phi_mux_resultf_4_phi_fu_74_p10  |    9|          2|   64|        128|
    |ap_return                           |    9|          2|   64|        128|
    |expx_reg_58                         |    9|          2|   64|        128|
    |grp_fu_112_p0                       |   15|          3|   64|        192|
    |grp_fu_98_opcode                    |   15|          3|    2|          6|
    |grp_fu_98_p0                        |   38|          7|   64|        448|
    |grp_fu_98_p1                        |   33|          6|   64|        384|
    |resultf_4_reg_70                    |   27|          5|   64|        320|
    +------------------------------------+-----+-----------+-----+-----------+
    |Total                               |  544|        119|  451|       1823|
    +------------------------------------+-----+-----------+-----+-----------+

    * Register: 
    +---------------------------------------------+----+----+-----+-----------+
    |                     Name                    | FF | LUT| Bits| Const Bits|
    +---------------------------------------------+----+----+-----+-----------+
    |abst_in_reg_343                              |  63|   0|   64|          1|
    |and_ln75_reg_359                             |   1|   0|    1|          0|
    |ap_CS_fsm                                    |  88|   0|   88|          0|
    |ap_return_preg                               |  64|   0|   64|          0|
    |expx_reg_58                                  |  64|   0|   64|          0|
    |grp_exp_generic_double_s_fu_87_ap_start_reg  |   1|   0|    1|          0|
    |icmp_ln833_reg_351                           |   1|   0|    1|          0|
    |icmp_ln849_1_reg_372                         |   1|   0|    1|          0|
    |icmp_ln849_reg_355                           |   1|   0|    1|          0|
    |or_ln10_reg_393                              |   1|   0|    1|          0|
    |or_ln9_reg_397                               |   1|   0|    1|          0|
    |p_Result_7_reg_389                           |   1|   0|    1|          0|
    |p_Result_8_reg_338                           |  63|   0|   64|          1|
    |p_Result_s_reg_328                           |   1|   0|    1|          0|
    |reg_132                                      |  64|   0|   64|          0|
    |reg_140                                      |  64|   0|   64|          0|
    |resultf_4_reg_70                             |  64|   0|   64|          0|
    |resultf_reg_411                              |  64|   0|   64|          0|
    |tmp_4_reg_368                                |   1|   0|    1|          0|
    |tmp_V_reg_333                                |  11|   0|   11|          0|
    |x_3_reg_382                                  |  64|   0|   64|          0|
    +---------------------------------------------+----+----+-----+-----------+
    |Total                                        | 683|   0|  685|          2|
    +---------------------------------------------+----+----+-----+-----------+



================================================================
== Interface
================================================================
* Summary: 
+-----------+-----+-----+------------+----------------------+--------------+
| RTL Ports | Dir | Bits|  Protocol  |     Source Object    |    C Type    |
+-----------+-----+-----+------------+----------------------+--------------+
|ap_clk     |  in |    1| ap_ctrl_hs | generic_tanh<double> | return value |
|ap_rst     |  in |    1| ap_ctrl_hs | generic_tanh<double> | return value |
|ap_start   |  in |    1| ap_ctrl_hs | generic_tanh<double> | return value |
|ap_done    | out |    1| ap_ctrl_hs | generic_tanh<double> | return value |
|ap_idle    | out |    1| ap_ctrl_hs | generic_tanh<double> | return value |
|ap_ready   | out |    1| ap_ctrl_hs | generic_tanh<double> | return value |
|ap_return  | out |   64| ap_ctrl_hs | generic_tanh<double> | return value |
|t_in       |  in |   64|   ap_none  |         t_in         |    scalar    |
+-----------+-----+-----+------------+----------------------+--------------+

