

================================================================
== Vivado HLS Report for 'exp_generic_double_s'
================================================================
* Date:           Tue Sep 13 00:38:26 2022

* Version:        2019.2 (Build 2704478 on Wed Nov 06 22:10:23 MST 2019)
* Project:        cg4002
* Solution:       solution1
* Product family: zynquplus
* Target device:  xczu3eg-sbva484-1-i


================================================================
== Performance Estimates
================================================================
+ Timing: 
    * Summary: 
    +--------+----------+----------+------------+
    |  Clock |  Target  | Estimated| Uncertainty|
    +--------+----------+----------+------------+
    |ap_clk  | 10.00 ns | 8.655 ns |   1.25 ns  |
    +--------+----------+----------+------------+

+ Latency: 
    * Summary: 
    +---------+---------+-----------+-----------+-----+-----+----------+
    |  Latency (cycles) |   Latency (absolute)  |  Interval | Pipeline |
    |   min   |   max   |    min    |    max    | min | max |   Type   |
    +---------+---------+-----------+-----------+-----+-----+----------+
    |        6|        6| 60.000 ns | 60.000 ns |    1|    1| function |
    +---------+---------+-----------+-----------+-----+-----+----------+

    + Detail: 
        * Instance: 
        N/A

        * Loop: 
        N/A

============================================================
+ Verbose Summary: Synthesis Manager
============================================================
InlineROM: 1
ExposeGlobal: 0
============================================================
+ Verbose Summary: CDFG Model
============================================================
IsTopModel: 0
ResetActiveHigh: 1
IsCombinational: 0
IsDatapathOnly: 0
HasWiredReturn: 1
HasMFsm: 2
HasVarLatency: 0
IsPipeline: 1
IsRtlPipelined: 1
IsInstanceOverlapped: 0
IsDontTouch: 0
HasImplIP: 0
IsGatedGlobalClock: 0

+ Individual pipeline summary: 
  * Pipeline-0: initiation interval (II) = 1, depth = 7


============================================================
+ Verbose Summary: Schedule
============================================================
* Number of FSM states : 7
* Pipeline : 1
  Pipeline-0 : II = 1, D = 7, States = { 1 2 3 4 5 6 7 }
* Dataflow Pipeline: 0

* FSM state transitions: 
1 --> 2 
2 --> 3 
3 --> 4 
4 --> 5 
5 --> 6 
6 --> 7 
7 --> 

* FSM state operations: 

State 1 <SV = 0> <Delay = 7.76>
ST_1 : Operation 8 [1/1] (0.00ns)   --->   "%x_read = call double @_ssdm_op_Read.ap_auto.double(double %x) nounwind" [r:/builds/2019.2/continuous/2019_11_06_2708876/src/products/hls/hls_lib/hlsmath/include/FloatingPoint\hls_exp_.h:185]   --->   Operation 8 'read' 'x_read' <Predicate = true> <Delay = 0.00>
ST_1 : Operation 9 [1/1] (0.00ns)   --->   "%p_Val2_s = bitcast double %x_read to i64" [r:/builds/2019.2/continuous/2019_11_06_2708876/src/products/hls/hls_lib/src/hls\utils/x_hls_utils.h:475->r:/builds/2019.2/continuous/2019_11_06_2708876/src/products/hls/hls_lib/src/hls\utils/x_hls_utils.h:479->r:/builds/2019.2/continuous/2019_11_06_2708876/src/products/hls/hls_lib/hlsmath/include/FloatingPoint\hls_exp_.h:189]   --->   Operation 9 'bitcast' 'p_Val2_s' <Predicate = true> <Delay = 0.00>
ST_1 : Operation 10 [1/1] (0.00ns)   --->   "%p_Result_22 = call i1 @_ssdm_op_BitSelect.i1.i64.i32(i64 %p_Val2_s, i32 63)" [r:/builds/2019.2/continuous/2019_11_06_2708876/src/products/hls/hls_lib/src/hls\utils/x_hls_utils.h:476->r:/builds/2019.2/continuous/2019_11_06_2708876/src/products/hls/hls_lib/src/hls\utils/x_hls_utils.h:479->r:/builds/2019.2/continuous/2019_11_06_2708876/src/products/hls/hls_lib/hlsmath/include/FloatingPoint\hls_exp_.h:189]   --->   Operation 10 'bitselect' 'p_Result_22' <Predicate = true> <Delay = 0.00>
ST_1 : Operation 11 [1/1] (0.00ns)   --->   "%tmp_V = call i11 @_ssdm_op_PartSelect.i11.i64.i32.i32(i64 %p_Val2_s, i32 52, i32 62)" [r:/builds/2019.2/continuous/2019_11_06_2708876/src/products/hls/hls_lib/src/hls\utils/x_hls_utils.h:477->r:/builds/2019.2/continuous/2019_11_06_2708876/src/products/hls/hls_lib/src/hls\utils/x_hls_utils.h:479->r:/builds/2019.2/continuous/2019_11_06_2708876/src/products/hls/hls_lib/hlsmath/include/FloatingPoint\hls_exp_.h:189]   --->   Operation 11 'partselect' 'tmp_V' <Predicate = true> <Delay = 0.00>
ST_1 : Operation 12 [1/1] (0.00ns)   --->   "%tmp_V_3 = trunc i64 %p_Val2_s to i52" [r:/builds/2019.2/continuous/2019_11_06_2708876/src/products/hls/hls_lib/src/hls\utils/x_hls_utils.h:478->r:/builds/2019.2/continuous/2019_11_06_2708876/src/products/hls/hls_lib/src/hls\utils/x_hls_utils.h:479->r:/builds/2019.2/continuous/2019_11_06_2708876/src/products/hls/hls_lib/hlsmath/include/FloatingPoint/hls_isnan.h:17->r:/builds/2019.2/continuous/2019_11_06_2708876/src/products/hls/hls_lib/hlsmath/include/FloatingPoint\hls_exp_.h:209]   --->   Operation 12 'trunc' 'tmp_V_3' <Predicate = true> <Delay = 0.00>
ST_1 : Operation 13 [1/1] (0.85ns)   --->   "%icmp_ln833 = icmp eq i11 %tmp_V, -1" [r:/builds/2019.2/continuous/2019_11_06_2708876/src/products/hls/hls_lib/hlsmath/include/FloatingPoint/hls_isnan.h:18->r:/builds/2019.2/continuous/2019_11_06_2708876/src/products/hls/hls_lib/hlsmath/include/FloatingPoint\hls_exp_.h:209]   --->   Operation 13 'icmp' 'icmp_ln833' <Predicate = true> <Delay = 0.85> <Core = "Cmp">   --->   Core 25 'Cmp' <Latency = 0> <II = 1> <Delay = 0.86> <FuncUnit> <Opcode : 'icmp'> <InPorts = 2> <OutPorts = 1>
ST_1 : Operation 14 [1/1] (1.34ns)   --->   "%icmp_ln837 = icmp ne i52 %tmp_V_3, 0" [r:/builds/2019.2/continuous/2019_11_06_2708876/src/products/hls/hls_lib/hlsmath/include/FloatingPoint/hls_isnan.h:18->r:/builds/2019.2/continuous/2019_11_06_2708876/src/products/hls/hls_lib/hlsmath/include/FloatingPoint\hls_exp_.h:209]   --->   Operation 14 'icmp' 'icmp_ln837' <Predicate = true> <Delay = 1.34> <Core = "Cmp">   --->   Core 25 'Cmp' <Latency = 0> <II = 1> <Delay = 0.86> <FuncUnit> <Opcode : 'icmp'> <InPorts = 2> <OutPorts = 1>
ST_1 : Operation 15 [1/1] (0.33ns)   --->   "%and_ln209 = and i1 %icmp_ln833, %icmp_ln837" [r:/builds/2019.2/continuous/2019_11_06_2708876/src/products/hls/hls_lib/hlsmath/include/FloatingPoint\hls_exp_.h:209]   --->   Operation 15 'and' 'and_ln209' <Predicate = true> <Delay = 0.33> <Core = "LogicGate">   --->   Core 27 'LogicGate' <Latency = 0> <II = 1> <Delay = 0.33> <FuncUnit> <Opcode : 'and' 'or' 'xor'> <InPorts = 2> <OutPorts = 1>
ST_1 : Operation 16 [1/1] (1.34ns)   --->   "%icmp_ln833_3 = icmp eq i52 %tmp_V_3, 0" [r:/builds/2019.2/continuous/2019_11_06_2708876/src/products/hls/hls_lib/hlsmath/include/FloatingPoint/hls_isinf.h:18->r:/builds/2019.2/continuous/2019_11_06_2708876/src/products/hls/hls_lib/hlsmath/include/FloatingPoint\hls_exp_.h:210]   --->   Operation 16 'icmp' 'icmp_ln833_3' <Predicate = true> <Delay = 1.34> <Core = "Cmp">   --->   Core 25 'Cmp' <Latency = 0> <II = 1> <Delay = 0.86> <FuncUnit> <Opcode : 'icmp'> <InPorts = 2> <OutPorts = 1>
ST_1 : Operation 17 [1/1] (0.33ns)   --->   "%and_ln18 = and i1 %icmp_ln833, %icmp_ln833_3" [r:/builds/2019.2/continuous/2019_11_06_2708876/src/products/hls/hls_lib/hlsmath/include/FloatingPoint/hls_isinf.h:18->r:/builds/2019.2/continuous/2019_11_06_2708876/src/products/hls/hls_lib/hlsmath/include/FloatingPoint\hls_exp_.h:210]   --->   Operation 17 'and' 'and_ln18' <Predicate = true> <Delay = 0.33> <Core = "LogicGate">   --->   Core 27 'LogicGate' <Latency = 0> <II = 1> <Delay = 0.33> <FuncUnit> <Opcode : 'and' 'or' 'xor'> <InPorts = 2> <OutPorts = 1>
ST_1 : Operation 18 [1/1] (0.00ns)   --->   "%zext_ln502 = zext i11 %tmp_V to i12" [r:/builds/2019.2/continuous/2019_11_06_2708876/src/products/hls/hls_lib/src/hls\utils/x_hls_utils.h:502->r:/builds/2019.2/continuous/2019_11_06_2708876/src/products/hls/hls_lib/hlsmath/include/FloatingPoint\hls_exp_.h:237]   --->   Operation 18 'zext' 'zext_ln502' <Predicate = true> <Delay = 0.00>
ST_1 : Operation 19 [1/1] (0.94ns)   --->   "%m_exp = add i12 -1023, %zext_ln502" [r:/builds/2019.2/continuous/2019_11_06_2708876/src/products/hls/hls_lib/src/hls\utils/x_hls_utils.h:502->r:/builds/2019.2/continuous/2019_11_06_2708876/src/products/hls/hls_lib/hlsmath/include/FloatingPoint\hls_exp_.h:237]   --->   Operation 19 'add' 'm_exp' <Predicate = true> <Delay = 0.94> <Core = "AddSub">   --->   Core 14 'AddSub' <Latency = 0> <II = 1> <Delay = 0.94> <FuncUnit> <Opcode : 'add' 'sub'> <InPorts = 2> <OutPorts = 1>
ST_1 : Operation 20 [1/1] (0.00ns)   --->   "%p_Result_s = call i54 @_ssdm_op_BitConcatenate.i54.i2.i52(i2 1, i52 %tmp_V_3)" [r:/builds/2019.2/continuous/2019_11_06_2708876/src/products/hls/hls_lib/hlsmath/include/FloatingPoint\hls_exp_.h:252]   --->   Operation 20 'bitconcatenate' 'p_Result_s' <Predicate = true> <Delay = 0.00>
ST_1 : Operation 21 [1/1] (1.33ns)   --->   "%e_frac_V = sub i54 0, %p_Result_s" [r:/builds/2019.2/continuous/2019_11_06_2708876/src/products/hls/hls_lib/hlsmath/include/FloatingPoint\hls_exp_.h:253]   --->   Operation 21 'sub' 'e_frac_V' <Predicate = true> <Delay = 1.33> <Core = "AddSub">   --->   Core 14 'AddSub' <Latency = 0> <II = 1> <Delay = 0.94> <FuncUnit> <Opcode : 'add' 'sub'> <InPorts = 2> <OutPorts = 1>
ST_1 : Operation 22 [1/1] (0.41ns)   --->   "%select_ln253 = select i1 %p_Result_22, i54 %e_frac_V, i54 %p_Result_s" [r:/builds/2019.2/continuous/2019_11_06_2708876/src/products/hls/hls_lib/hlsmath/include/FloatingPoint\hls_exp_.h:253]   --->   Operation 22 'select' 'select_ln253' <Predicate = true> <Delay = 0.41> <Core = "Sel">   --->   Core 26 'Sel' <Latency = 0> <II = 1> <Delay = 0.49> <FuncUnit> <Opcode : 'select'> <InPorts = 3> <OutPorts = 1>
ST_1 : Operation 23 [1/1] (0.00ns)   --->   "%m_frac_l_V = call i61 @_ssdm_op_BitConcatenate.i61.i54.i7(i54 %select_ln253, i7 0)" [r:/builds/2019.2/continuous/2019_11_06_2708876/src/products/hls/hls_lib/hlsmath/include/FloatingPoint\hls_exp_.h:256]   --->   Operation 23 'bitconcatenate' 'm_frac_l_V' <Predicate = true> <Delay = 0.00>
ST_1 : Operation 24 [1/1] (0.00ns)   --->   "%sext_ln682 = sext i61 %m_frac_l_V to i71" [r:/builds/2019.2/continuous/2019_11_06_2708876/src/products/hls/hls_lib/hlsmath/include/FloatingPoint\hls_exp_.h:256]   --->   Operation 24 'sext' 'sext_ln682' <Predicate = true> <Delay = 0.00>
ST_1 : Operation 25 [1/1] (0.00ns)   --->   "%isNeg = call i1 @_ssdm_op_BitSelect.i1.i12.i32(i12 %m_exp, i32 11)" [r:/builds/2019.2/continuous/2019_11_06_2708876/src/products/hls/hls_lib/hlsmath/include/FloatingPoint\hls_exp_.h:258]   --->   Operation 25 'bitselect' 'isNeg' <Predicate = true> <Delay = 0.00>
ST_1 : Operation 26 [1/1] (0.94ns)   --->   "%sub_ln1311 = sub i11 1023, %tmp_V" [r:/builds/2019.2/continuous/2019_11_06_2708876/src/products/hls/hls_lib/hlsmath/include/FloatingPoint\hls_exp_.h:258]   --->   Operation 26 'sub' 'sub_ln1311' <Predicate = true> <Delay = 0.94> <Core = "AddSub">   --->   Core 14 'AddSub' <Latency = 0> <II = 1> <Delay = 0.94> <FuncUnit> <Opcode : 'add' 'sub'> <InPorts = 2> <OutPorts = 1>
ST_1 : Operation 27 [1/1] (0.00ns)   --->   "%sext_ln1311 = sext i11 %sub_ln1311 to i12" [r:/builds/2019.2/continuous/2019_11_06_2708876/src/products/hls/hls_lib/hlsmath/include/FloatingPoint\hls_exp_.h:258]   --->   Operation 27 'sext' 'sext_ln1311' <Predicate = true> <Delay = 0.00>
ST_1 : Operation 28 [1/1] (0.43ns)   --->   "%m_exp_2 = select i1 %isNeg, i12 %sext_ln1311, i12 %m_exp" [r:/builds/2019.2/continuous/2019_11_06_2708876/src/products/hls/hls_lib/hlsmath/include/FloatingPoint\hls_exp_.h:258]   --->   Operation 28 'select' 'm_exp_2' <Predicate = true> <Delay = 0.43> <Core = "Sel">   --->   Core 26 'Sel' <Latency = 0> <II = 1> <Delay = 0.49> <FuncUnit> <Opcode : 'select'> <InPorts = 3> <OutPorts = 1>
ST_1 : Operation 29 [1/1] (0.00ns)   --->   "%sext_ln1311_1 = sext i12 %m_exp_2 to i32" [r:/builds/2019.2/continuous/2019_11_06_2708876/src/products/hls/hls_lib/hlsmath/include/FloatingPoint\hls_exp_.h:258]   --->   Operation 29 'sext' 'sext_ln1311_1' <Predicate = true> <Delay = 0.00>
ST_1 : Operation 30 [1/1] (0.00ns) (grouped into LUT with out node r_V_13)   --->   "%zext_ln1287 = zext i32 %sext_ln1311_1 to i71" [r:/builds/2019.2/continuous/2019_11_06_2708876/src/products/hls/hls_lib/hlsmath/include/FloatingPoint\hls_exp_.h:258]   --->   Operation 30 'zext' 'zext_ln1287' <Predicate = true> <Delay = 0.00>
ST_1 : Operation 31 [1/1] (0.00ns) (grouped into LUT with out node r_V_13)   --->   "%zext_ln1285 = zext i32 %sext_ln1311_1 to i61" [r:/builds/2019.2/continuous/2019_11_06_2708876/src/products/hls/hls_lib/hlsmath/include/FloatingPoint\hls_exp_.h:258]   --->   Operation 31 'zext' 'zext_ln1285' <Predicate = true> <Delay = 0.00>
ST_1 : Operation 32 [1/1] (0.00ns) (grouped into LUT with out node r_V_13)   --->   "%r_V = ashr i61 %m_frac_l_V, %zext_ln1285" [r:/builds/2019.2/continuous/2019_11_06_2708876/src/products/hls/hls_lib/hlsmath/include/FloatingPoint\hls_exp_.h:258]   --->   Operation 32 'ashr' 'r_V' <Predicate = true> <Delay = 0.00> <Core = "Shift">   --->   Core 28 'Shift' <Latency = 0> <II = 1> <Delay = 1.71> <FuncUnit> <Opcode : 'shl' 'lshr' 'ashr'> <InPorts = 2> <OutPorts = 1>
ST_1 : Operation 33 [1/1] (0.00ns) (grouped into LUT with out node r_V_13)   --->   "%sext_ln1287 = sext i61 %r_V to i71" [r:/builds/2019.2/continuous/2019_11_06_2708876/src/products/hls/hls_lib/hlsmath/include/FloatingPoint\hls_exp_.h:258]   --->   Operation 33 'sext' 'sext_ln1287' <Predicate = true> <Delay = 0.00>
ST_1 : Operation 34 [1/1] (0.00ns) (grouped into LUT with out node r_V_13)   --->   "%r_V_1 = shl i71 %sext_ln682, %zext_ln1287" [r:/builds/2019.2/continuous/2019_11_06_2708876/src/products/hls/hls_lib/hlsmath/include/FloatingPoint\hls_exp_.h:258]   --->   Operation 34 'shl' 'r_V_1' <Predicate = true> <Delay = 0.00> <Core = "Shift">   --->   Core 28 'Shift' <Latency = 0> <II = 1> <Delay = 1.71> <FuncUnit> <Opcode : 'shl' 'lshr' 'ashr'> <InPorts = 2> <OutPorts = 1>
ST_1 : Operation 35 [1/1] (1.71ns) (out node of the LUT)   --->   "%r_V_13 = select i1 %isNeg, i71 %sext_ln1287, i71 %r_V_1" [r:/builds/2019.2/continuous/2019_11_06_2708876/src/products/hls/hls_lib/hlsmath/include/FloatingPoint\hls_exp_.h:258]   --->   Operation 35 'select' 'r_V_13' <Predicate = true> <Delay = 1.71> <Core = "Sel">   --->   Core 26 'Sel' <Latency = 0> <II = 1> <Delay = 0.49> <FuncUnit> <Opcode : 'select'> <InPorts = 3> <OutPorts = 1>
ST_1 : Operation 36 [1/1] (0.00ns)   --->   "%m_fix_l_V = call i64 @_ssdm_op_PartSelect.i64.i71.i32.i32(i71 %r_V_13, i32 7, i32 70)" [r:/builds/2019.2/continuous/2019_11_06_2708876/src/products/hls/hls_lib/hlsmath/include/FloatingPoint\hls_exp_.h:258]   --->   Operation 36 'partselect' 'm_fix_l_V' <Predicate = true> <Delay = 0.00>
ST_1 : Operation 37 [1/1] (0.00ns)   --->   "%zext_ln1253 = zext i32 %sext_ln1311_1 to i64" [r:/builds/2019.2/continuous/2019_11_06_2708876/src/products/hls/hls_lib/hlsmath/include/FloatingPoint\hls_exp_.h:259]   --->   Operation 37 'zext' 'zext_ln1253' <Predicate = true> <Delay = 0.00>
ST_1 : Operation 38 [1/1] (0.00ns) (grouped into LUT with out node icmp_ln338_1)   --->   "%r_V_3 = shl i64 %m_fix_l_V, %zext_ln1253" [r:/builds/2019.2/continuous/2019_11_06_2708876/src/products/hls/hls_lib/hlsmath/include/FloatingPoint\hls_exp_.h:259]   --->   Operation 38 'shl' 'r_V_3' <Predicate = true> <Delay = 0.00> <Core = "Shift">   --->   Core 28 'Shift' <Latency = 0> <II = 1> <Delay = 1.71> <FuncUnit> <Opcode : 'shl' 'lshr' 'ashr'> <InPorts = 2> <OutPorts = 1>
ST_1 : Operation 39 [1/1] (0.00ns) (grouped into LUT with out node icmp_ln338_1)   --->   "%r_V_4 = ashr i64 %m_fix_l_V, %zext_ln1253" [r:/builds/2019.2/continuous/2019_11_06_2708876/src/products/hls/hls_lib/hlsmath/include/FloatingPoint\hls_exp_.h:259]   --->   Operation 39 'ashr' 'r_V_4' <Predicate = true> <Delay = 0.00> <Core = "Shift">   --->   Core 28 'Shift' <Latency = 0> <II = 1> <Delay = 1.71> <FuncUnit> <Opcode : 'shl' 'lshr' 'ashr'> <InPorts = 2> <OutPorts = 1>
ST_1 : Operation 40 [1/1] (0.00ns)   --->   "%m_fix_hi_V = call i16 @_ssdm_op_PartSelect.i16.i71.i32.i32(i71 %r_V_13, i32 55, i32 70)" [r:/builds/2019.2/continuous/2019_11_06_2708876/src/products/hls/hls_lib/hlsmath/include/FloatingPoint\hls_exp_.h:264]   --->   Operation 40 'partselect' 'm_fix_hi_V' <Predicate = true> <Delay = 0.00>
ST_1 : Operation 41 [1/1] (0.00ns)   --->   "%p_Result_23 = call i1 @_ssdm_op_BitSelect.i1.i71.i32(i71 %r_V_13, i32 70)" [r:/builds/2019.2/continuous/2019_11_06_2708876/src/products/hls/hls_lib/hlsmath/include/FloatingPoint\hls_exp_.h:269]   --->   Operation 41 'bitselect' 'p_Result_23' <Predicate = true> <Delay = 0.00>
ST_1 : Operation 42 [1/1] (0.00ns)   --->   "%r_V_5 = sext i16 %m_fix_hi_V to i31" [r:/builds/2019.2/continuous/2019_11_06_2708876/src/products/hls/hls_lib/hlsmath/include/FloatingPoint\hls_exp_.h:272]   --->   Operation 42 'sext' 'r_V_5' <Predicate = true> <Delay = 0.00>
ST_1 : Operation 43 [1/1] (0.63ns) (grouped into DSP with root node ret_V_2)   --->   "%r_V_14 = mul i31 23637, %r_V_5" [r:/builds/2019.2/continuous/2019_11_06_2708876/src/products/hls/hls_lib/hlsmath/include/FloatingPoint\hls_exp_.h:272]   --->   Operation 43 'mul' 'r_V_14' <Predicate = true> <Delay = 0.63> <Core = "DSP48">   --->   Core 88 'DSP48' <Latency = 0> <II = 1> <Delay = 2.84> <IPBlock> <Opcode : 'mul' 'add' 'sub' 'select'> <InPorts = 2> <OutPorts = 1> <Sync> <CReg>
ST_1 : Operation 44 [1/1] (0.00ns)   --->   "%rhs_V = call i19 @_ssdm_op_BitConcatenate.i19.i1.i18(i1 %p_Result_23, i18 -131072)" [r:/builds/2019.2/continuous/2019_11_06_2708876/src/products/hls/hls_lib/hlsmath/include/FloatingPoint\hls_exp_.h:272]   --->   Operation 44 'bitconcatenate' 'rhs_V' <Predicate = true> <Delay = 0.00>
ST_1 : Operation 45 [1/1] (0.00ns)   --->   "%sext_ln682_1 = sext i19 %rhs_V to i31" [r:/builds/2019.2/continuous/2019_11_06_2708876/src/products/hls/hls_lib/hlsmath/include/FloatingPoint\hls_exp_.h:272]   --->   Operation 45 'sext' 'sext_ln682_1' <Predicate = true> <Delay = 0.00>
ST_1 : Operation 46 [1/1] (2.20ns) (root node of the DSP)   --->   "%ret_V_2 = add i31 %r_V_14, %sext_ln682_1" [r:/builds/2019.2/continuous/2019_11_06_2708876/src/products/hls/hls_lib/hlsmath/include/FloatingPoint\hls_exp_.h:272]   --->   Operation 46 'add' 'ret_V_2' <Predicate = true> <Delay = 2.20> <Core = "DSP48">   --->   Core 88 'DSP48' <Latency = 0> <II = 1> <Delay = 2.84> <IPBlock> <Opcode : 'mul' 'add' 'sub' 'select'> <InPorts = 2> <OutPorts = 1> <Sync> <CReg>
ST_1 : Operation 47 [1/1] (0.00ns)   --->   "%tmp_5 = call i13 @_ssdm_op_PartSelect.i13.i31.i32.i32(i31 %ret_V_2, i32 18, i32 30)" [r:/builds/2019.2/continuous/2019_11_06_2708876/src/products/hls/hls_lib/hlsmath/include/FloatingPoint\hls_exp_.h:272]   --->   Operation 47 'partselect' 'tmp_5' <Predicate = true> <Delay = 0.00>
ST_1 : Operation 48 [1/1] (0.00ns) (grouped into LUT with out node r_exp_V_3)   --->   "%p_Result_15 = call i1 @_ssdm_op_BitSelect.i1.i31.i32(i31 %ret_V_2, i32 30)" [r:/builds/2019.2/continuous/2019_11_06_2708876/src/products/hls/hls_lib/hlsmath/include/FloatingPoint\hls_exp_.h:272]   --->   Operation 48 'bitselect' 'p_Result_15' <Predicate = true> <Delay = 0.00>
ST_1 : Operation 49 [1/1] (0.00ns)   --->   "%trunc_ln805 = trunc i31 %ret_V_2 to i18" [r:/builds/2019.2/continuous/2019_11_06_2708876/src/products/hls/hls_lib/hlsmath/include/FloatingPoint\hls_exp_.h:272]   --->   Operation 49 'trunc' 'trunc_ln805' <Predicate = true> <Delay = 0.00>
ST_1 : Operation 50 [1/1] (0.89ns)   --->   "%icmp_ln805 = icmp eq i18 %trunc_ln805, 0" [r:/builds/2019.2/continuous/2019_11_06_2708876/src/products/hls/hls_lib/hlsmath/include/FloatingPoint\hls_exp_.h:272]   --->   Operation 50 'icmp' 'icmp_ln805' <Predicate = true> <Delay = 0.89> <Core = "Cmp">   --->   Core 25 'Cmp' <Latency = 0> <II = 1> <Delay = 0.86> <FuncUnit> <Opcode : 'icmp'> <InPorts = 2> <OutPorts = 1>
ST_1 : Operation 51 [1/1] (0.97ns)   --->   "%add_ln805 = add i13 1, %tmp_5" [r:/builds/2019.2/continuous/2019_11_06_2708876/src/products/hls/hls_lib/hlsmath/include/FloatingPoint\hls_exp_.h:272]   --->   Operation 51 'add' 'add_ln805' <Predicate = true> <Delay = 0.97> <Core = "AddSub">   --->   Core 14 'AddSub' <Latency = 0> <II = 1> <Delay = 0.94> <FuncUnit> <Opcode : 'add' 'sub'> <InPorts = 2> <OutPorts = 1>
ST_1 : Operation 52 [1/1] (0.00ns) (grouped into LUT with out node r_exp_V_3)   --->   "%select_ln805 = select i1 %icmp_ln805, i13 %tmp_5, i13 %add_ln805" [r:/builds/2019.2/continuous/2019_11_06_2708876/src/products/hls/hls_lib/hlsmath/include/FloatingPoint\hls_exp_.h:272]   --->   Operation 52 'select' 'select_ln805' <Predicate = true> <Delay = 0.00> <Core = "Sel">   --->   Core 26 'Sel' <Latency = 0> <II = 1> <Delay = 0.49> <FuncUnit> <Opcode : 'select'> <InPorts = 3> <OutPorts = 1>
ST_1 : Operation 53 [1/1] (0.48ns) (out node of the LUT)   --->   "%r_exp_V_3 = select i1 %p_Result_15, i13 %select_ln805, i13 %tmp_5" [r:/builds/2019.2/continuous/2019_11_06_2708876/src/products/hls/hls_lib/hlsmath/include/FloatingPoint\hls_exp_.h:272]   --->   Operation 53 'select' 'r_exp_V_3' <Predicate = true> <Delay = 0.48> <Core = "Sel">   --->   Core 26 'Sel' <Latency = 0> <II = 1> <Delay = 0.49> <FuncUnit> <Opcode : 'select'> <InPorts = 3> <OutPorts = 1>
ST_1 : Operation 54 [1/1] (0.86ns)   --->   "%icmp_ln338 = icmp sgt i12 %m_exp, 0" [r:/builds/2019.2/continuous/2019_11_06_2708876/src/products/hls/hls_lib/hlsmath/include/FloatingPoint\hls_exp_.h:338]   --->   Operation 54 'icmp' 'icmp_ln338' <Predicate = true> <Delay = 0.86> <Core = "Cmp">   --->   Core 25 'Cmp' <Latency = 0> <II = 1> <Delay = 0.86> <FuncUnit> <Opcode : 'icmp'> <InPorts = 2> <OutPorts = 1>
ST_1 : Operation 55 [1/1] (0.00ns) (grouped into LUT with out node icmp_ln338_1)   --->   "%select_ln1322 = select i1 %isNeg, i64 %r_V_3, i64 %r_V_4" [r:/builds/2019.2/continuous/2019_11_06_2708876/src/products/hls/hls_lib/hlsmath/include/FloatingPoint\hls_exp_.h:259]   --->   Operation 55 'select' 'select_ln1322' <Predicate = true> <Delay = 0.00> <Core = "Sel">   --->   Core 26 'Sel' <Latency = 0> <II = 1> <Delay = 0.49> <FuncUnit> <Opcode : 'select'> <InPorts = 3> <OutPorts = 1>
ST_1 : Operation 56 [1/1] (0.00ns) (grouped into LUT with out node icmp_ln338_1)   --->   "%shl_ln = call i71 @_ssdm_op_BitConcatenate.i71.i64.i7(i64 %select_ln1322, i7 0)" [r:/builds/2019.2/continuous/2019_11_06_2708876/src/products/hls/hls_lib/hlsmath/include/FloatingPoint\hls_exp_.h:338]   --->   Operation 56 'bitconcatenate' 'shl_ln' <Predicate = true> <Delay = 0.00>
ST_1 : Operation 57 [1/1] (1.71ns) (out node of the LUT)   --->   "%icmp_ln338_1 = icmp ne i71 %shl_ln, %sext_ln682" [r:/builds/2019.2/continuous/2019_11_06_2708876/src/products/hls/hls_lib/hlsmath/include/FloatingPoint\hls_exp_.h:338]   --->   Operation 57 'icmp' 'icmp_ln338_1' <Predicate = true> <Delay = 1.71> <Core = "Cmp">   --->   Core 25 'Cmp' <Latency = 0> <II = 1> <Delay = 0.86> <FuncUnit> <Opcode : 'icmp'> <InPorts = 2> <OutPorts = 1>

State 2 <SV = 1> <Delay = 7.54>
ST_2 : Operation 58 [1/1] (0.00ns)   --->   "%r_V_7 = sext i13 %r_exp_V_3 to i84" [r:/builds/2019.2/continuous/2019_11_06_2708876/src/products/hls/hls_lib/hlsmath/include/FloatingPoint\hls_exp_.h:278]   --->   Operation 58 'sext' 'r_V_7' <Predicate = true> <Delay = 0.00>
ST_2 : Operation 59 [1/1] (6.04ns)   --->   "%r_V_15 = mul nsw i84 1636647506585939924452, %r_V_7" [r:/builds/2019.2/continuous/2019_11_06_2708876/src/products/hls/hls_lib/hlsmath/include/FloatingPoint\hls_exp_.h:278]   --->   Operation 59 'mul' 'r_V_15' <Predicate = true> <Delay = 6.04> <Core = "Mul">   --->   Core 16 'Mul' <Latency = 0> <II = 1> <Delay = 4.67> <FuncUnit> <Opcode : 'mul'> <InPorts = 2> <OutPorts = 1>
ST_2 : Operation 60 [1/1] (0.00ns)   --->   "%lhs_V = sext i71 %r_V_13 to i73" [r:/builds/2019.2/continuous/2019_11_06_2708876/src/products/hls/hls_lib/hlsmath/include/FloatingPoint\hls_exp_.h:284]   --->   Operation 60 'sext' 'lhs_V' <Predicate = true> <Delay = 0.00>
ST_2 : Operation 61 [1/1] (0.00ns)   --->   "%tmp_9 = call i71 @_ssdm_op_PartSelect.i71.i84.i32.i32(i84 %r_V_15, i32 13, i32 83)" [r:/builds/2019.2/continuous/2019_11_06_2708876/src/products/hls/hls_lib/hlsmath/include/FloatingPoint\hls_exp_.h:284]   --->   Operation 61 'partselect' 'tmp_9' <Predicate = true> <Delay = 0.00>
ST_2 : Operation 62 [1/1] (0.00ns)   --->   "%rhs_V_1 = call i72 @_ssdm_op_BitConcatenate.i72.i71.i1(i71 %tmp_9, i1 false)" [r:/builds/2019.2/continuous/2019_11_06_2708876/src/products/hls/hls_lib/hlsmath/include/FloatingPoint\hls_exp_.h:284]   --->   Operation 62 'bitconcatenate' 'rhs_V_1' <Predicate = true> <Delay = 0.00>
ST_2 : Operation 63 [1/1] (0.00ns)   --->   "%sext_ln682_2 = sext i72 %rhs_V_1 to i73" [r:/builds/2019.2/continuous/2019_11_06_2708876/src/products/hls/hls_lib/hlsmath/include/FloatingPoint\hls_exp_.h:284]   --->   Operation 63 'sext' 'sext_ln682_2' <Predicate = true> <Delay = 0.00>
ST_2 : Operation 64 [1/1] (1.50ns)   --->   "%ret_V_3 = sub nsw i73 %lhs_V, %sext_ln682_2" [r:/builds/2019.2/continuous/2019_11_06_2708876/src/products/hls/hls_lib/hlsmath/include/FloatingPoint\hls_exp_.h:284]   --->   Operation 64 'sub' 'ret_V_3' <Predicate = true> <Delay = 1.50> <Core = "AddSub">   --->   Core 14 'AddSub' <Latency = 0> <II = 1> <Delay = 0.94> <FuncUnit> <Opcode : 'add' 'sub'> <InPorts = 2> <OutPorts = 1>
ST_2 : Operation 65 [1/1] (0.00ns)   --->   "%m_diff_hi_V = call i8 @_ssdm_op_PartSelect.i8.i73.i32.i32(i73 %ret_V_3, i32 51, i32 58)" [r:/builds/2019.2/continuous/2019_11_06_2708876/src/products/hls/hls_lib/hlsmath/include/FloatingPoint\hls_exp_.h:315]   --->   Operation 65 'partselect' 'm_diff_hi_V' <Predicate = true> <Delay = 0.00>
ST_2 : Operation 66 [1/1] (0.00ns)   --->   "%Z2_V = call i8 @_ssdm_op_PartSelect.i8.i73.i32.i32(i73 %ret_V_3, i32 43, i32 50)" [r:/builds/2019.2/continuous/2019_11_06_2708876/src/products/hls/hls_lib/hlsmath/include/FloatingPoint\hls_exp_.h:125->r:/builds/2019.2/continuous/2019_11_06_2708876/src/products/hls/hls_lib/hlsmath/include/FloatingPoint\hls_exp_.h:322]   --->   Operation 66 'partselect' 'Z2_V' <Predicate = true> <Delay = 0.00>
ST_2 : Operation 67 [1/1] (0.00ns)   --->   "%Z3_V = call i8 @_ssdm_op_PartSelect.i8.i73.i32.i32(i73 %ret_V_3, i32 35, i32 42)" [r:/builds/2019.2/continuous/2019_11_06_2708876/src/products/hls/hls_lib/hlsmath/include/FloatingPoint\hls_exp_.h:127->r:/builds/2019.2/continuous/2019_11_06_2708876/src/products/hls/hls_lib/hlsmath/include/FloatingPoint\hls_exp_.h:322]   --->   Operation 67 'partselect' 'Z3_V' <Predicate = true> <Delay = 0.00>
ST_2 : Operation 68 [1/1] (0.00ns)   --->   "%Z4_V = trunc i73 %ret_V_3 to i35" [r:/builds/2019.2/continuous/2019_11_06_2708876/src/products/hls/hls_lib/hlsmath/include/FloatingPoint\hls_exp_.h:128->r:/builds/2019.2/continuous/2019_11_06_2708876/src/products/hls/hls_lib/hlsmath/include/FloatingPoint\hls_exp_.h:322]   --->   Operation 68 'trunc' 'Z4_V' <Predicate = true> <Delay = 0.00>
ST_2 : Operation 69 [1/1] (0.00ns)   --->   "%Z4_ind_V = call i8 @_ssdm_op_PartSelect.i8.i73.i32.i32(i73 %ret_V_3, i32 27, i32 34)" [r:/builds/2019.2/continuous/2019_11_06_2708876/src/products/hls/hls_lib/hlsmath/include/FloatingPoint\hls_exp_.h:142->r:/builds/2019.2/continuous/2019_11_06_2708876/src/products/hls/hls_lib/hlsmath/include/FloatingPoint\hls_exp_.h:322]   --->   Operation 69 'partselect' 'Z4_ind_V' <Predicate = true> <Delay = 0.00>

State 3 <SV = 2> <Delay = 1.35>
ST_3 : Operation 70 [1/1] (0.00ns)   --->   "%zext_ln498_1 = zext i8 %Z4_ind_V to i64" [r:/builds/2019.2/continuous/2019_11_06_2708876/src/products/hls/hls_lib/hlsmath/include/FloatingPoint\hls_exp_.h:143->r:/builds/2019.2/continuous/2019_11_06_2708876/src/products/hls/hls_lib/hlsmath/include/FloatingPoint\hls_exp_.h:322]   --->   Operation 70 'zext' 'zext_ln498_1' <Predicate = true> <Delay = 0.00>
ST_3 : Operation 71 [1/1] (0.00ns)   --->   "%table_f_Z3_array_V_s = getelementptr [256 x i26]* @table_f_Z3_array_V, i64 0, i64 %zext_ln498_1" [r:/builds/2019.2/continuous/2019_11_06_2708876/src/products/hls/hls_lib/hlsmath/include/FloatingPoint\hls_exp_.h:143->r:/builds/2019.2/continuous/2019_11_06_2708876/src/products/hls/hls_lib/hlsmath/include/FloatingPoint\hls_exp_.h:322]   --->   Operation 71 'getelementptr' 'table_f_Z3_array_V_s' <Predicate = true> <Delay = 0.00>
ST_3 : Operation 72 [2/2] (1.35ns)   --->   "%table_f_Z3_array_V_1 = load i26* %table_f_Z3_array_V_s, align 4" [r:/builds/2019.2/continuous/2019_11_06_2708876/src/products/hls/hls_lib/hlsmath/include/FloatingPoint\hls_exp_.h:143->r:/builds/2019.2/continuous/2019_11_06_2708876/src/products/hls/hls_lib/hlsmath/include/FloatingPoint\hls_exp_.h:322]   --->   Operation 72 'load' 'table_f_Z3_array_V_1' <Predicate = true> <Delay = 1.35> <Core = "ROM_nP">   --->   Core 52 'ROM_nP' <Latency = 1> <II = 1> <Delay = 1.35> <Storage> <Opcode : 'load'> <Ports = 0> <Width = 42> <Depth = 256> <ROM>
ST_3 : Operation 73 [1/1] (0.00ns)   --->   "%zext_ln498_2 = zext i8 %Z3_V to i64" [r:/builds/2019.2/continuous/2019_11_06_2708876/src/products/hls/hls_lib/hlsmath/include/FloatingPoint\hls_exp_.h:148->r:/builds/2019.2/continuous/2019_11_06_2708876/src/products/hls/hls_lib/hlsmath/include/FloatingPoint\hls_exp_.h:322]   --->   Operation 73 'zext' 'zext_ln498_2' <Predicate = true> <Delay = 0.00>
ST_3 : Operation 74 [1/1] (0.00ns)   --->   "%table_f_Z3_array_V_2 = getelementptr [256 x i26]* @table_f_Z3_array_V, i64 0, i64 %zext_ln498_2" [r:/builds/2019.2/continuous/2019_11_06_2708876/src/products/hls/hls_lib/hlsmath/include/FloatingPoint\hls_exp_.h:148->r:/builds/2019.2/continuous/2019_11_06_2708876/src/products/hls/hls_lib/hlsmath/include/FloatingPoint\hls_exp_.h:322]   --->   Operation 74 'getelementptr' 'table_f_Z3_array_V_2' <Predicate = true> <Delay = 0.00>
ST_3 : Operation 75 [2/2] (1.35ns)   --->   "%p_Val2_19 = load i26* %table_f_Z3_array_V_2, align 4" [r:/builds/2019.2/continuous/2019_11_06_2708876/src/products/hls/hls_lib/hlsmath/include/FloatingPoint\hls_exp_.h:148->r:/builds/2019.2/continuous/2019_11_06_2708876/src/products/hls/hls_lib/hlsmath/include/FloatingPoint\hls_exp_.h:322]   --->   Operation 75 'load' 'p_Val2_19' <Predicate = true> <Delay = 1.35> <Core = "ROM_nP">   --->   Core 52 'ROM_nP' <Latency = 1> <II = 1> <Delay = 1.35> <Storage> <Opcode : 'load'> <Ports = 0> <Width = 42> <Depth = 256> <ROM>

State 4 <SV = 3> <Delay = 8.20>
ST_4 : Operation 76 [1/1] (0.00ns)   --->   "%zext_ln498 = zext i8 %m_diff_hi_V to i64" [r:/builds/2019.2/continuous/2019_11_06_2708876/src/products/hls/hls_lib/hlsmath/include/FloatingPoint\hls_exp_.h:321]   --->   Operation 76 'zext' 'zext_ln498' <Predicate = true> <Delay = 0.00>
ST_4 : Operation 77 [1/1] (0.00ns)   --->   "%table_exp_Z1_array_1 = getelementptr [256 x i58]* @table_exp_Z1_array_s, i64 0, i64 %zext_ln498" [r:/builds/2019.2/continuous/2019_11_06_2708876/src/products/hls/hls_lib/hlsmath/include/FloatingPoint\hls_exp_.h:321]   --->   Operation 77 'getelementptr' 'table_exp_Z1_array_1' <Predicate = true> <Delay = 0.00>
ST_4 : Operation 78 [2/2] (1.35ns)   --->   "%exp_Z1_V = load i58* %table_exp_Z1_array_1, align 8" [r:/builds/2019.2/continuous/2019_11_06_2708876/src/products/hls/hls_lib/hlsmath/include/FloatingPoint\hls_exp_.h:321]   --->   Operation 78 'load' 'exp_Z1_V' <Predicate = true> <Delay = 1.35> <Core = "ROM_nP">   --->   Core 52 'ROM_nP' <Latency = 1> <II = 1> <Delay = 1.35> <Storage> <Opcode : 'load'> <Ports = 0> <Width = 42> <Depth = 256> <ROM>
ST_4 : Operation 79 [1/2] (1.35ns)   --->   "%table_f_Z3_array_V_1 = load i26* %table_f_Z3_array_V_s, align 4" [r:/builds/2019.2/continuous/2019_11_06_2708876/src/products/hls/hls_lib/hlsmath/include/FloatingPoint\hls_exp_.h:143->r:/builds/2019.2/continuous/2019_11_06_2708876/src/products/hls/hls_lib/hlsmath/include/FloatingPoint\hls_exp_.h:322]   --->   Operation 79 'load' 'table_f_Z3_array_V_1' <Predicate = true> <Delay = 1.35> <Core = "ROM_nP">   --->   Core 52 'ROM_nP' <Latency = 1> <II = 1> <Delay = 1.35> <Storage> <Opcode : 'load'> <Ports = 0> <Width = 42> <Depth = 256> <ROM>
ST_4 : Operation 80 [1/1] (0.00ns)   --->   "%f_Z4_V = call i10 @_ssdm_op_PartSelect.i10.i26.i32.i32(i26 %table_f_Z3_array_V_1, i32 16, i32 25)" [r:/builds/2019.2/continuous/2019_11_06_2708876/src/products/hls/hls_lib/hlsmath/include/FloatingPoint\hls_exp_.h:143->r:/builds/2019.2/continuous/2019_11_06_2708876/src/products/hls/hls_lib/hlsmath/include/FloatingPoint\hls_exp_.h:322]   --->   Operation 80 'partselect' 'f_Z4_V' <Predicate = true> <Delay = 0.00>
ST_4 : Operation 81 [1/1] (0.00ns)   --->   "%lhs_V_1 = zext i35 %Z4_V to i36" [r:/builds/2019.2/continuous/2019_11_06_2708876/src/products/hls/hls_lib/hlsmath/include/FloatingPoint\hls_exp_.h:144->r:/builds/2019.2/continuous/2019_11_06_2708876/src/products/hls/hls_lib/hlsmath/include/FloatingPoint\hls_exp_.h:322]   --->   Operation 81 'zext' 'lhs_V_1' <Predicate = true> <Delay = 0.00>
ST_4 : Operation 82 [1/1] (0.00ns)   --->   "%rhs_V_2 = zext i10 %f_Z4_V to i36" [r:/builds/2019.2/continuous/2019_11_06_2708876/src/products/hls/hls_lib/hlsmath/include/FloatingPoint\hls_exp_.h:144->r:/builds/2019.2/continuous/2019_11_06_2708876/src/products/hls/hls_lib/hlsmath/include/FloatingPoint\hls_exp_.h:322]   --->   Operation 82 'zext' 'rhs_V_2' <Predicate = true> <Delay = 0.00>
ST_4 : Operation 83 [1/1] (1.21ns)   --->   "%ret_V_4 = add i36 %rhs_V_2, %lhs_V_1" [r:/builds/2019.2/continuous/2019_11_06_2708876/src/products/hls/hls_lib/hlsmath/include/FloatingPoint\hls_exp_.h:144->r:/builds/2019.2/continuous/2019_11_06_2708876/src/products/hls/hls_lib/hlsmath/include/FloatingPoint\hls_exp_.h:322]   --->   Operation 83 'add' 'ret_V_4' <Predicate = true> <Delay = 1.21> <Core = "AddSub">   --->   Core 14 'AddSub' <Latency = 0> <II = 1> <Delay = 0.94> <FuncUnit> <Opcode : 'add' 'sub'> <InPorts = 2> <OutPorts = 1>
ST_4 : Operation 84 [1/2] (1.35ns)   --->   "%p_Val2_19 = load i26* %table_f_Z3_array_V_2, align 4" [r:/builds/2019.2/continuous/2019_11_06_2708876/src/products/hls/hls_lib/hlsmath/include/FloatingPoint\hls_exp_.h:148->r:/builds/2019.2/continuous/2019_11_06_2708876/src/products/hls/hls_lib/hlsmath/include/FloatingPoint\hls_exp_.h:322]   --->   Operation 84 'load' 'p_Val2_19' <Predicate = true> <Delay = 1.35> <Core = "ROM_nP">   --->   Core 52 'ROM_nP' <Latency = 1> <II = 1> <Delay = 1.35> <Storage> <Opcode : 'load'> <Ports = 0> <Width = 42> <Depth = 256> <ROM>
ST_4 : Operation 85 [1/1] (0.00ns)   --->   "%tmp_i = call i43 @_ssdm_op_BitConcatenate.i43.i8.i9.i26(i8 %Z3_V, i9 0, i26 %p_Val2_19) nounwind" [r:/builds/2019.2/continuous/2019_11_06_2708876/src/products/hls/hls_lib/hlsmath/include/FloatingPoint\hls_exp_.h:149->r:/builds/2019.2/continuous/2019_11_06_2708876/src/products/hls/hls_lib/hlsmath/include/FloatingPoint\hls_exp_.h:322]   --->   Operation 85 'bitconcatenate' 'tmp_i' <Predicate = true> <Delay = 0.00>
ST_4 : Operation 86 [1/1] (0.00ns)   --->   "%zext_ln1070 = zext i43 %tmp_i to i79" [r:/builds/2019.2/continuous/2019_11_06_2708876/src/products/hls/hls_lib/hlsmath/include/FloatingPoint\hls_exp_.h:152->r:/builds/2019.2/continuous/2019_11_06_2708876/src/products/hls/hls_lib/hlsmath/include/FloatingPoint\hls_exp_.h:322]   --->   Operation 86 'zext' 'zext_ln1070' <Predicate = true> <Delay = 0.00>
ST_4 : Operation 87 [1/1] (0.00ns)   --->   "%zext_ln1072_1 = zext i36 %ret_V_4 to i79" [r:/builds/2019.2/continuous/2019_11_06_2708876/src/products/hls/hls_lib/hlsmath/include/FloatingPoint\hls_exp_.h:152->r:/builds/2019.2/continuous/2019_11_06_2708876/src/products/hls/hls_lib/hlsmath/include/FloatingPoint\hls_exp_.h:322]   --->   Operation 87 'zext' 'zext_ln1072_1' <Predicate = true> <Delay = 0.00>
ST_4 : Operation 88 [1/1] (4.41ns)   --->   "%r_V_16 = mul i79 %zext_ln1072_1, %zext_ln1070" [r:/builds/2019.2/continuous/2019_11_06_2708876/src/products/hls/hls_lib/hlsmath/include/FloatingPoint\hls_exp_.h:152->r:/builds/2019.2/continuous/2019_11_06_2708876/src/products/hls/hls_lib/hlsmath/include/FloatingPoint\hls_exp_.h:322]   --->   Operation 88 'mul' 'r_V_16' <Predicate = true> <Delay = 4.41> <Core = "Mul">   --->   Core 16 'Mul' <Latency = 0> <II = 1> <Delay = 4.67> <FuncUnit> <Opcode : 'mul'> <InPorts = 2> <OutPorts = 1>
ST_4 : Operation 89 [1/1] (0.00ns)   --->   "%tmp_s = call i20 @_ssdm_op_PartSelect.i20.i79.i32.i32(i79 %r_V_16, i32 59, i32 78)" [r:/builds/2019.2/continuous/2019_11_06_2708876/src/products/hls/hls_lib/hlsmath/include/FloatingPoint\hls_exp_.h:152->r:/builds/2019.2/continuous/2019_11_06_2708876/src/products/hls/hls_lib/hlsmath/include/FloatingPoint\hls_exp_.h:322]   --->   Operation 89 'partselect' 'tmp_s' <Predicate = true> <Delay = 0.00>
ST_4 : Operation 90 [1/1] (0.00ns)   --->   "%zext_ln657 = zext i20 %tmp_s to i36" [r:/builds/2019.2/continuous/2019_11_06_2708876/src/products/hls/hls_lib/hlsmath/include/FloatingPoint\hls_exp_.h:159->r:/builds/2019.2/continuous/2019_11_06_2708876/src/products/hls/hls_lib/hlsmath/include/FloatingPoint\hls_exp_.h:322]   --->   Operation 90 'zext' 'zext_ln657' <Predicate = true> <Delay = 0.00>
ST_4 : Operation 91 [1/1] (1.21ns)   --->   "%add_ln657 = add i36 %zext_ln657, %ret_V_4" [r:/builds/2019.2/continuous/2019_11_06_2708876/src/products/hls/hls_lib/hlsmath/include/FloatingPoint\hls_exp_.h:159->r:/builds/2019.2/continuous/2019_11_06_2708876/src/products/hls/hls_lib/hlsmath/include/FloatingPoint\hls_exp_.h:322]   --->   Operation 91 'add' 'add_ln657' <Predicate = true> <Delay = 1.21> <Core = "AddSub">   --->   Core 14 'AddSub' <Latency = 0> <II = 1> <Delay = 0.94> <FuncUnit> <Opcode : 'add' 'sub'> <InPorts = 2> <OutPorts = 1>
ST_4 : Operation 92 [1/1] (0.00ns)   --->   "%zext_ln498_3 = zext i8 %Z2_V to i64" [r:/builds/2019.2/continuous/2019_11_06_2708876/src/products/hls/hls_lib/hlsmath/include/FloatingPoint\hls_exp_.h:167->r:/builds/2019.2/continuous/2019_11_06_2708876/src/products/hls/hls_lib/hlsmath/include/FloatingPoint\hls_exp_.h:322]   --->   Operation 92 'zext' 'zext_ln498_3' <Predicate = true> <Delay = 0.00>
ST_4 : Operation 93 [1/1] (0.00ns)   --->   "%table_f_Z2_array_V_s = getelementptr [256 x i42]* @table_f_Z2_array_V, i64 0, i64 %zext_ln498_3" [r:/builds/2019.2/continuous/2019_11_06_2708876/src/products/hls/hls_lib/hlsmath/include/FloatingPoint\hls_exp_.h:167->r:/builds/2019.2/continuous/2019_11_06_2708876/src/products/hls/hls_lib/hlsmath/include/FloatingPoint\hls_exp_.h:322]   --->   Operation 93 'getelementptr' 'table_f_Z2_array_V_s' <Predicate = true> <Delay = 0.00>
ST_4 : Operation 94 [2/2] (1.35ns)   --->   "%p_Val2_26 = load i42* %table_f_Z2_array_V_s, align 8" [r:/builds/2019.2/continuous/2019_11_06_2708876/src/products/hls/hls_lib/hlsmath/include/FloatingPoint\hls_exp_.h:167->r:/builds/2019.2/continuous/2019_11_06_2708876/src/products/hls/hls_lib/hlsmath/include/FloatingPoint\hls_exp_.h:322]   --->   Operation 94 'load' 'p_Val2_26' <Predicate = true> <Delay = 1.35> <Core = "ROM_nP">   --->   Core 52 'ROM_nP' <Latency = 1> <II = 1> <Delay = 1.35> <Storage> <Opcode : 'load'> <Ports = 0> <Width = 42> <Depth = 256> <ROM>

State 5 <SV = 4> <Delay = 8.57>
ST_5 : Operation 95 [1/2] (1.35ns)   --->   "%exp_Z1_V = load i58* %table_exp_Z1_array_1, align 8" [r:/builds/2019.2/continuous/2019_11_06_2708876/src/products/hls/hls_lib/hlsmath/include/FloatingPoint\hls_exp_.h:321]   --->   Operation 95 'load' 'exp_Z1_V' <Predicate = true> <Delay = 1.35> <Core = "ROM_nP">   --->   Core 52 'ROM_nP' <Latency = 1> <II = 1> <Delay = 1.35> <Storage> <Opcode : 'load'> <Ports = 0> <Width = 42> <Depth = 256> <ROM>
ST_5 : Operation 96 [1/1] (0.00ns)   --->   "%ret_V_5 = zext i43 %tmp_i to i44" [r:/builds/2019.2/continuous/2019_11_06_2708876/src/products/hls/hls_lib/hlsmath/include/FloatingPoint\hls_exp_.h:149->r:/builds/2019.2/continuous/2019_11_06_2708876/src/products/hls/hls_lib/hlsmath/include/FloatingPoint\hls_exp_.h:322]   --->   Operation 96 'zext' 'ret_V_5' <Predicate = true> <Delay = 0.00>
ST_5 : Operation 97 [1/1] (0.00ns)   --->   "%zext_ln657_1 = zext i36 %add_ln657 to i44" [r:/builds/2019.2/continuous/2019_11_06_2708876/src/products/hls/hls_lib/hlsmath/include/FloatingPoint\hls_exp_.h:159->r:/builds/2019.2/continuous/2019_11_06_2708876/src/products/hls/hls_lib/hlsmath/include/FloatingPoint\hls_exp_.h:322]   --->   Operation 97 'zext' 'zext_ln657_1' <Predicate = true> <Delay = 0.00>
ST_5 : Operation 98 [1/1] (1.24ns)   --->   "%exp_Z2P_m_1_V = add i44 %ret_V_5, %zext_ln657_1" [r:/builds/2019.2/continuous/2019_11_06_2708876/src/products/hls/hls_lib/hlsmath/include/FloatingPoint\hls_exp_.h:159->r:/builds/2019.2/continuous/2019_11_06_2708876/src/products/hls/hls_lib/hlsmath/include/FloatingPoint\hls_exp_.h:322]   --->   Operation 98 'add' 'exp_Z2P_m_1_V' <Predicate = true> <Delay = 1.24> <Core = "AddSub">   --->   Core 14 'AddSub' <Latency = 0> <II = 1> <Delay = 0.94> <FuncUnit> <Opcode : 'add' 'sub'> <InPorts = 2> <OutPorts = 1>
ST_5 : Operation 99 [1/2] (1.35ns)   --->   "%p_Val2_26 = load i42* %table_f_Z2_array_V_s, align 8" [r:/builds/2019.2/continuous/2019_11_06_2708876/src/products/hls/hls_lib/hlsmath/include/FloatingPoint\hls_exp_.h:167->r:/builds/2019.2/continuous/2019_11_06_2708876/src/products/hls/hls_lib/hlsmath/include/FloatingPoint\hls_exp_.h:322]   --->   Operation 99 'load' 'p_Val2_26' <Predicate = true> <Delay = 1.35> <Core = "ROM_nP">   --->   Core 52 'ROM_nP' <Latency = 1> <II = 1> <Delay = 1.35> <Storage> <Opcode : 'load'> <Ports = 0> <Width = 42> <Depth = 256> <ROM>
ST_5 : Operation 100 [1/1] (0.00ns)   --->   "%tmp_1 = call i40 @_ssdm_op_PartSelect.i40.i42.i32.i32(i42 %p_Val2_26, i32 2, i32 41)" [r:/builds/2019.2/continuous/2019_11_06_2708876/src/products/hls/hls_lib/hlsmath/include/FloatingPoint\hls_exp_.h:168->r:/builds/2019.2/continuous/2019_11_06_2708876/src/products/hls/hls_lib/hlsmath/include/FloatingPoint\hls_exp_.h:322]   --->   Operation 100 'partselect' 'tmp_1' <Predicate = true> <Delay = 0.00>
ST_5 : Operation 101 [1/1] (0.00ns)   --->   "%lshr_ln662_6 = call i49 @_ssdm_op_BitConcatenate.i49.i8.i1.i40(i8 %Z2_V, i1 false, i40 %tmp_1)" [r:/builds/2019.2/continuous/2019_11_06_2708876/src/products/hls/hls_lib/hlsmath/include/FloatingPoint\hls_exp_.h:168->r:/builds/2019.2/continuous/2019_11_06_2708876/src/products/hls/hls_lib/hlsmath/include/FloatingPoint\hls_exp_.h:322]   --->   Operation 101 'bitconcatenate' 'lshr_ln662_6' <Predicate = true> <Delay = 0.00>
ST_5 : Operation 102 [1/1] (0.00ns)   --->   "%zext_ln1070_1 = zext i49 %lshr_ln662_6 to i93" [r:/builds/2019.2/continuous/2019_11_06_2708876/src/products/hls/hls_lib/hlsmath/include/FloatingPoint\hls_exp_.h:171->r:/builds/2019.2/continuous/2019_11_06_2708876/src/products/hls/hls_lib/hlsmath/include/FloatingPoint\hls_exp_.h:322]   --->   Operation 102 'zext' 'zext_ln1070_1' <Predicate = true> <Delay = 0.00>
ST_5 : Operation 103 [1/1] (0.00ns)   --->   "%zext_ln1072_2 = zext i44 %exp_Z2P_m_1_V to i93" [r:/builds/2019.2/continuous/2019_11_06_2708876/src/products/hls/hls_lib/hlsmath/include/FloatingPoint\hls_exp_.h:171->r:/builds/2019.2/continuous/2019_11_06_2708876/src/products/hls/hls_lib/hlsmath/include/FloatingPoint\hls_exp_.h:322]   --->   Operation 103 'zext' 'zext_ln1072_2' <Predicate = true> <Delay = 0.00>
ST_5 : Operation 104 [1/1] (4.68ns)   --->   "%r_V_17 = mul i93 %zext_ln1072_2, %zext_ln1070_1" [r:/builds/2019.2/continuous/2019_11_06_2708876/src/products/hls/hls_lib/hlsmath/include/FloatingPoint\hls_exp_.h:171->r:/builds/2019.2/continuous/2019_11_06_2708876/src/products/hls/hls_lib/hlsmath/include/FloatingPoint\hls_exp_.h:322]   --->   Operation 104 'mul' 'r_V_17' <Predicate = true> <Delay = 4.68> <Core = "Mul">   --->   Core 16 'Mul' <Latency = 0> <II = 1> <Delay = 4.67> <FuncUnit> <Opcode : 'mul'> <InPorts = 2> <OutPorts = 1>
ST_5 : Operation 105 [1/1] (0.00ns)   --->   "%tmp_2 = call i36 @_ssdm_op_PartSelect.i36.i93.i32.i32(i93 %r_V_17, i32 57, i32 92)" [r:/builds/2019.2/continuous/2019_11_06_2708876/src/products/hls/hls_lib/hlsmath/include/FloatingPoint\hls_exp_.h:171->r:/builds/2019.2/continuous/2019_11_06_2708876/src/products/hls/hls_lib/hlsmath/include/FloatingPoint\hls_exp_.h:322]   --->   Operation 105 'partselect' 'tmp_2' <Predicate = true> <Delay = 0.00>
ST_5 : Operation 106 [1/1] (0.00ns)   --->   "%lhs_V_2 = call i51 @_ssdm_op_BitConcatenate.i51.i8.i1.i40.i2(i8 %Z2_V, i1 false, i40 %tmp_1, i2 0)" [r:/builds/2019.2/continuous/2019_11_06_2708876/src/products/hls/hls_lib/hlsmath/include/FloatingPoint\hls_exp_.h:174->r:/builds/2019.2/continuous/2019_11_06_2708876/src/products/hls/hls_lib/hlsmath/include/FloatingPoint\hls_exp_.h:322]   --->   Operation 106 'bitconcatenate' 'lhs_V_2' <Predicate = true> <Delay = 0.00>
ST_5 : Operation 107 [1/1] (0.00ns)   --->   "%zext_ln682 = zext i51 %lhs_V_2 to i52" [r:/builds/2019.2/continuous/2019_11_06_2708876/src/products/hls/hls_lib/hlsmath/include/FloatingPoint\hls_exp_.h:174->r:/builds/2019.2/continuous/2019_11_06_2708876/src/products/hls/hls_lib/hlsmath/include/FloatingPoint\hls_exp_.h:322]   --->   Operation 107 'zext' 'zext_ln682' <Predicate = true> <Delay = 0.00>
ST_5 : Operation 108 [1/1] (0.00ns)   --->   "%zext_ln657_2 = zext i36 %tmp_2 to i44" [r:/builds/2019.2/continuous/2019_11_06_2708876/src/products/hls/hls_lib/hlsmath/include/FloatingPoint\hls_exp_.h:174->r:/builds/2019.2/continuous/2019_11_06_2708876/src/products/hls/hls_lib/hlsmath/include/FloatingPoint\hls_exp_.h:322]   --->   Operation 108 'zext' 'zext_ln657_2' <Predicate = true> <Delay = 0.00>
ST_5 : Operation 109 [1/1] (1.25ns)   --->   "%add_ln657_2 = add i44 %zext_ln657_2, %exp_Z2P_m_1_V" [r:/builds/2019.2/continuous/2019_11_06_2708876/src/products/hls/hls_lib/hlsmath/include/FloatingPoint\hls_exp_.h:174->r:/builds/2019.2/continuous/2019_11_06_2708876/src/products/hls/hls_lib/hlsmath/include/FloatingPoint\hls_exp_.h:322]   --->   Operation 109 'add' 'add_ln657_2' <Predicate = true> <Delay = 1.25> <Core = "AddSub">   --->   Core 14 'AddSub' <Latency = 0> <II = 1> <Delay = 0.94> <FuncUnit> <Opcode : 'add' 'sub'> <InPorts = 2> <OutPorts = 1>
ST_5 : Operation 110 [1/1] (0.00ns)   --->   "%zext_ln657_3 = zext i44 %add_ln657_2 to i52" [r:/builds/2019.2/continuous/2019_11_06_2708876/src/products/hls/hls_lib/hlsmath/include/FloatingPoint\hls_exp_.h:174->r:/builds/2019.2/continuous/2019_11_06_2708876/src/products/hls/hls_lib/hlsmath/include/FloatingPoint\hls_exp_.h:322]   --->   Operation 110 'zext' 'zext_ln657_3' <Predicate = true> <Delay = 0.00>
ST_5 : Operation 111 [1/1] (1.29ns)   --->   "%exp_Z1P_m_1_l_V = add i52 %zext_ln682, %zext_ln657_3" [r:/builds/2019.2/continuous/2019_11_06_2708876/src/products/hls/hls_lib/hlsmath/include/FloatingPoint\hls_exp_.h:174->r:/builds/2019.2/continuous/2019_11_06_2708876/src/products/hls/hls_lib/hlsmath/include/FloatingPoint\hls_exp_.h:322]   --->   Operation 111 'add' 'exp_Z1P_m_1_l_V' <Predicate = true> <Delay = 1.29> <Core = "AddSub">   --->   Core 14 'AddSub' <Latency = 0> <II = 1> <Delay = 0.94> <FuncUnit> <Opcode : 'add' 'sub'> <InPorts = 2> <OutPorts = 1>
ST_5 : Operation 112 [1/1] (0.00ns)   --->   "%exp_Z1P_m_1_V = call i50 @_ssdm_op_PartSelect.i50.i52.i32.i32(i52 %exp_Z1P_m_1_l_V, i32 2, i32 51)" [r:/builds/2019.2/continuous/2019_11_06_2708876/src/products/hls/hls_lib/hlsmath/include/FloatingPoint\hls_exp_.h:178->r:/builds/2019.2/continuous/2019_11_06_2708876/src/products/hls/hls_lib/hlsmath/include/FloatingPoint\hls_exp_.h:322]   --->   Operation 112 'partselect' 'exp_Z1P_m_1_V' <Predicate = true> <Delay = 0.00>
ST_5 : Operation 113 [1/1] (0.00ns)   --->   "%exp_Z1_hi_V = call i50 @_ssdm_op_PartSelect.i50.i58.i32.i32(i58 %exp_Z1_V, i32 8, i32 57)" [r:/builds/2019.2/continuous/2019_11_06_2708876/src/products/hls/hls_lib/hlsmath/include/FloatingPoint\hls_exp_.h:323]   --->   Operation 113 'partselect' 'exp_Z1_hi_V' <Predicate = true> <Delay = 0.00>

State 6 <SV = 5> <Delay = 8.65>
ST_6 : Operation 114 [1/1] (0.33ns)   --->   "%or_ln214_1 = or i1 %and_ln209, %and_ln18" [r:/builds/2019.2/continuous/2019_11_06_2708876/src/products/hls/hls_lib/hlsmath/include/FloatingPoint\hls_exp_.h:214]   --->   Operation 114 'or' 'or_ln214_1' <Predicate = true> <Delay = 0.33> <Core = "LogicGate">   --->   Core 27 'LogicGate' <Latency = 0> <II = 1> <Delay = 0.33> <FuncUnit> <Opcode : 'and' 'or' 'xor'> <InPorts = 2> <OutPorts = 1>
ST_6 : Operation 115 [1/1] (0.00ns)   --->   "%lhs_V_3 = zext i58 %exp_Z1_V to i59" [r:/builds/2019.2/continuous/2019_11_06_2708876/src/products/hls/hls_lib/hlsmath/include/FloatingPoint\hls_exp_.h:326]   --->   Operation 115 'zext' 'lhs_V_3' <Predicate = true> <Delay = 0.00>
ST_6 : Operation 116 [1/1] (1.38ns)   --->   "%ret_V_6 = add i59 16, %lhs_V_3" [r:/builds/2019.2/continuous/2019_11_06_2708876/src/products/hls/hls_lib/hlsmath/include/FloatingPoint\hls_exp_.h:326]   --->   Operation 116 'add' 'ret_V_6' <Predicate = true> <Delay = 1.38> <Core = "AddSub">   --->   Core 14 'AddSub' <Latency = 0> <II = 1> <Delay = 0.94> <FuncUnit> <Opcode : 'add' 'sub'> <InPorts = 2> <OutPorts = 1>
ST_6 : Operation 117 [1/1] (0.00ns)   --->   "%r_V_11 = zext i50 %exp_Z1_hi_V to i100" [r:/builds/2019.2/continuous/2019_11_06_2708876/src/products/hls/hls_lib/hlsmath/include/FloatingPoint\hls_exp_.h:326]   --->   Operation 117 'zext' 'r_V_11' <Predicate = true> <Delay = 0.00>
ST_6 : Operation 118 [1/1] (0.00ns)   --->   "%zext_ln1072 = zext i50 %exp_Z1P_m_1_V to i100" [r:/builds/2019.2/continuous/2019_11_06_2708876/src/products/hls/hls_lib/hlsmath/include/FloatingPoint\hls_exp_.h:326]   --->   Operation 118 'zext' 'zext_ln1072' <Predicate = true> <Delay = 0.00>
ST_6 : Operation 119 [1/1] (4.67ns)   --->   "%r_V_18 = mul i100 %zext_ln1072, %r_V_11" [r:/builds/2019.2/continuous/2019_11_06_2708876/src/products/hls/hls_lib/hlsmath/include/FloatingPoint\hls_exp_.h:326]   --->   Operation 119 'mul' 'r_V_18' <Predicate = true> <Delay = 4.67> <Core = "Mul">   --->   Core 16 'Mul' <Latency = 0> <II = 1> <Delay = 4.67> <FuncUnit> <Opcode : 'mul'> <InPorts = 2> <OutPorts = 1>
ST_6 : Operation 120 [1/1] (0.00ns)   --->   "%lhs_V_4 = call i108 @_ssdm_op_BitConcatenate.i108.i59.i49(i59 %ret_V_6, i49 0)" [r:/builds/2019.2/continuous/2019_11_06_2708876/src/products/hls/hls_lib/hlsmath/include/FloatingPoint\hls_exp_.h:326]   --->   Operation 120 'bitconcatenate' 'lhs_V_4' <Predicate = true> <Delay = 0.00>
ST_6 : Operation 121 [1/1] (0.00ns)   --->   "%zext_ln657_5 = zext i100 %r_V_18 to i108" [r:/builds/2019.2/continuous/2019_11_06_2708876/src/products/hls/hls_lib/hlsmath/include/FloatingPoint\hls_exp_.h:326]   --->   Operation 121 'zext' 'zext_ln657_5' <Predicate = true> <Delay = 0.00>
ST_6 : Operation 122 [1/1] (0.00ns)   --->   "%zext_ln1146 = zext i100 %r_V_18 to i107" [r:/builds/2019.2/continuous/2019_11_06_2708876/src/products/hls/hls_lib/hlsmath/include/FloatingPoint\hls_exp_.h:326]   --->   Operation 122 'zext' 'zext_ln1146' <Predicate = true> <Delay = 0.00>
ST_6 : Operation 123 [1/1] (0.00ns)   --->   "%trunc_ln1146 = trunc i59 %ret_V_6 to i58" [r:/builds/2019.2/continuous/2019_11_06_2708876/src/products/hls/hls_lib/hlsmath/include/FloatingPoint\hls_exp_.h:326]   --->   Operation 123 'trunc' 'trunc_ln1146' <Predicate = true> <Delay = 0.00>
ST_6 : Operation 124 [1/1] (0.00ns)   --->   "%trunc_ln = call i107 @_ssdm_op_BitConcatenate.i107.i58.i49(i58 %trunc_ln1146, i49 0)" [r:/builds/2019.2/continuous/2019_11_06_2708876/src/products/hls/hls_lib/hlsmath/include/FloatingPoint\hls_exp_.h:326]   --->   Operation 124 'bitconcatenate' 'trunc_ln' <Predicate = true> <Delay = 0.00>
ST_6 : Operation 125 [1/1] (1.64ns)   --->   "%ret_V_7 = add i108 %zext_ln657_5, %lhs_V_4" [r:/builds/2019.2/continuous/2019_11_06_2708876/src/products/hls/hls_lib/hlsmath/include/FloatingPoint\hls_exp_.h:326]   --->   Operation 125 'add' 'ret_V_7' <Predicate = true> <Delay = 1.64> <Core = "AddSub">   --->   Core 14 'AddSub' <Latency = 0> <II = 1> <Delay = 0.94> <FuncUnit> <Opcode : 'add' 'sub'> <InPorts = 2> <OutPorts = 1>
ST_6 : Operation 126 [1/1] (1.63ns)   --->   "%add_ln1146_1 = add i107 %trunc_ln, %zext_ln1146" [r:/builds/2019.2/continuous/2019_11_06_2708876/src/products/hls/hls_lib/hlsmath/include/FloatingPoint\hls_exp_.h:326]   --->   Operation 126 'add' 'add_ln1146_1' <Predicate = true> <Delay = 1.63> <Core = "AddSub">   --->   Core 14 'AddSub' <Latency = 0> <II = 1> <Delay = 0.94> <FuncUnit> <Opcode : 'add' 'sub'> <InPorts = 2> <OutPorts = 1>
ST_6 : Operation 127 [1/1] (0.00ns)   --->   "%tmp_7 = call i1 @_ssdm_op_BitSelect.i1.i107.i32(i107 %add_ln1146_1, i32 106)" [r:/builds/2019.2/continuous/2019_11_06_2708876/src/products/hls/hls_lib/hlsmath/include/FloatingPoint\hls_exp_.h:332]   --->   Operation 127 'bitselect' 'tmp_7' <Predicate = true> <Delay = 0.00>
ST_6 : Operation 128 [1/1] (0.97ns)   --->   "%r_exp_V = add i13 -1, %r_exp_V_3" [r:/builds/2019.2/continuous/2019_11_06_2708876/src/products/hls/hls_lib/hlsmath/include/FloatingPoint\hls_exp_.h:334]   --->   Operation 128 'add' 'r_exp_V' <Predicate = true> <Delay = 0.97> <Core = "AddSub">   --->   Core 14 'AddSub' <Latency = 0> <II = 1> <Delay = 0.94> <FuncUnit> <Opcode : 'add' 'sub'> <InPorts = 2> <OutPorts = 1>
ST_6 : Operation 129 [1/1] (0.48ns)   --->   "%r_exp_V_2 = select i1 %tmp_7, i13 %r_exp_V_3, i13 %r_exp_V" [r:/builds/2019.2/continuous/2019_11_06_2708876/src/products/hls/hls_lib/hlsmath/include/FloatingPoint\hls_exp_.h:332]   --->   Operation 129 'select' 'r_exp_V_2' <Predicate = true> <Delay = 0.48> <Core = "Sel">   --->   Core 26 'Sel' <Latency = 0> <II = 1> <Delay = 0.49> <FuncUnit> <Opcode : 'select'> <InPorts = 3> <OutPorts = 1>
ST_6 : Operation 130 [1/1] (0.00ns)   --->   "%tmp_8 = call i3 @_ssdm_op_PartSelect.i3.i13.i32.i32(i13 %r_exp_V_2, i32 10, i32 12)" [r:/builds/2019.2/continuous/2019_11_06_2708876/src/products/hls/hls_lib/hlsmath/include/FloatingPoint\hls_exp_.h:338]   --->   Operation 130 'partselect' 'tmp_8' <Predicate = true> <Delay = 0.00>
ST_6 : Operation 131 [1/1] (0.69ns)   --->   "%icmp_ln849 = icmp sgt i3 %tmp_8, 0" [r:/builds/2019.2/continuous/2019_11_06_2708876/src/products/hls/hls_lib/hlsmath/include/FloatingPoint\hls_exp_.h:338]   --->   Operation 131 'icmp' 'icmp_ln849' <Predicate = true> <Delay = 0.69> <Core = "Cmp">   --->   Core 25 'Cmp' <Latency = 0> <II = 1> <Delay = 0.86> <FuncUnit> <Opcode : 'icmp'> <InPorts = 2> <OutPorts = 1>
ST_6 : Operation 132 [1/1] (0.33ns)   --->   "%or_ln338 = or i1 %icmp_ln338_1, %icmp_ln849" [r:/builds/2019.2/continuous/2019_11_06_2708876/src/products/hls/hls_lib/hlsmath/include/FloatingPoint\hls_exp_.h:338]   --->   Operation 132 'or' 'or_ln338' <Predicate = true> <Delay = 0.33> <Core = "LogicGate">   --->   Core 27 'LogicGate' <Latency = 0> <II = 1> <Delay = 0.33> <FuncUnit> <Opcode : 'and' 'or' 'xor'> <InPorts = 2> <OutPorts = 1>
ST_6 : Operation 133 [1/1] (0.00ns) (grouped into LUT with out node sel_tmp6)   --->   "%tmp_10 = call i1 @_ssdm_op_BitSelect.i1.i54.i32(i54 %select_ln253, i32 53)" [r:/builds/2019.2/continuous/2019_11_06_2708876/src/products/hls/hls_lib/hlsmath/include/FloatingPoint\hls_exp_.h:339]   --->   Operation 133 'bitselect' 'tmp_10' <Predicate = true> <Delay = 0.00>
ST_6 : Operation 134 [1/1] (0.00ns) (grouped into LUT with out node sel_tmp6)   --->   "%select_ln339 = select i1 %tmp_10, double 0.000000e+00, double 0x7FF0000000000000" [r:/builds/2019.2/continuous/2019_11_06_2708876/src/products/hls/hls_lib/hlsmath/include/FloatingPoint\hls_exp_.h:339]   --->   Operation 134 'select' 'select_ln339' <Predicate = true> <Delay = 0.00> <Core = "Sel">   --->   Core 26 'Sel' <Latency = 0> <II = 1> <Delay = 0.49> <FuncUnit> <Opcode : 'select'> <InPorts = 3> <OutPorts = 1>
ST_6 : Operation 135 [1/1] (0.86ns)   --->   "%icmp_ln853 = icmp slt i13 %r_exp_V_2, -1022" [r:/builds/2019.2/continuous/2019_11_06_2708876/src/products/hls/hls_lib/hlsmath/include/FloatingPoint\hls_exp_.h:355]   --->   Operation 135 'icmp' 'icmp_ln853' <Predicate = true> <Delay = 0.86> <Core = "Cmp">   --->   Core 25 'Cmp' <Latency = 0> <II = 1> <Delay = 0.86> <FuncUnit> <Opcode : 'icmp'> <InPorts = 2> <OutPorts = 1>
ST_6 : Operation 136 [1/1] (0.00ns) (grouped into LUT with out node sel_tmp6)   --->   "%tmp = call i52 @_ssdm_op_PartSelect.i52.i108.i32.i32(i108 %ret_V_7, i32 54, i32 105)" [r:/builds/2019.2/continuous/2019_11_06_2708876/src/products/hls/hls_lib/hlsmath/include/FloatingPoint\hls_exp_.h:364]   --->   Operation 136 'partselect' 'tmp' <Predicate = true> <Delay = 0.00>
ST_6 : Operation 137 [1/1] (0.00ns) (grouped into LUT with out node sel_tmp6)   --->   "%tmp_6 = call i52 @_ssdm_op_PartSelect.i52.i108.i32.i32(i108 %ret_V_7, i32 53, i32 104)" [r:/builds/2019.2/continuous/2019_11_06_2708876/src/products/hls/hls_lib/hlsmath/include/FloatingPoint\hls_exp_.h:364]   --->   Operation 137 'partselect' 'tmp_6' <Predicate = true> <Delay = 0.00>
ST_6 : Operation 138 [1/1] (0.00ns) (grouped into LUT with out node sel_tmp6)   --->   "%tmp_V_4 = select i1 %tmp_7, i52 %tmp, i52 %tmp_6" [r:/builds/2019.2/continuous/2019_11_06_2708876/src/products/hls/hls_lib/hlsmath/include/FloatingPoint\hls_exp_.h:332]   --->   Operation 138 'select' 'tmp_V_4' <Predicate = true> <Delay = 0.00> <Core = "Sel">   --->   Core 26 'Sel' <Latency = 0> <II = 1> <Delay = 0.49> <FuncUnit> <Opcode : 'select'> <InPorts = 3> <OutPorts = 1>
ST_6 : Operation 139 [1/1] (0.00ns)   --->   "%trunc_ln168 = trunc i13 %r_exp_V_2 to i11" [r:/builds/2019.2/continuous/2019_11_06_2708876/src/products/hls/hls_lib/hlsmath/include/FloatingPoint\hls_exp_.h:365]   --->   Operation 139 'trunc' 'trunc_ln168' <Predicate = true> <Delay = 0.00>
ST_6 : Operation 140 [1/1] (0.94ns)   --->   "%out_exp_V = add i11 1023, %trunc_ln168" [r:/builds/2019.2/continuous/2019_11_06_2708876/src/products/hls/hls_lib/hlsmath/include/FloatingPoint\hls_exp_.h:365]   --->   Operation 140 'add' 'out_exp_V' <Predicate = true> <Delay = 0.94> <Core = "AddSub">   --->   Core 14 'AddSub' <Latency = 0> <II = 1> <Delay = 0.94> <FuncUnit> <Opcode : 'add' 'sub'> <InPorts = 2> <OutPorts = 1>
ST_6 : Operation 141 [1/1] (0.00ns) (grouped into LUT with out node sel_tmp6)   --->   "%p_Result_24 = call i64 @_ssdm_op_BitConcatenate.i64.i1.i11.i52(i1 false, i11 %out_exp_V, i52 %tmp_V_4) nounwind" [r:/builds/2019.2/continuous/2019_11_06_2708876/src/products/hls/hls_lib/src/hls\utils/x_hls_utils.h:495->r:/builds/2019.2/continuous/2019_11_06_2708876/src/products/hls/hls_lib/src/hls\utils/x_hls_utils.h:512->r:/builds/2019.2/continuous/2019_11_06_2708876/src/products/hls/hls_lib/src/hls\utils/x_hls_utils.h:526->r:/builds/2019.2/continuous/2019_11_06_2708876/src/products/hls/hls_lib/hlsmath/include/FloatingPoint\hls_exp_.h:366]   --->   Operation 141 'bitconcatenate' 'p_Result_24' <Predicate = true> <Delay = 0.00>
ST_6 : Operation 142 [1/1] (0.00ns) (grouped into LUT with out node sel_tmp6)   --->   "%bitcast_ln512 = bitcast i64 %p_Result_24 to double" [r:/builds/2019.2/continuous/2019_11_06_2708876/src/products/hls/hls_lib/src/hls\utils/x_hls_utils.h:512->r:/builds/2019.2/continuous/2019_11_06_2708876/src/products/hls/hls_lib/src/hls\utils/x_hls_utils.h:526->r:/builds/2019.2/continuous/2019_11_06_2708876/src/products/hls/hls_lib/hlsmath/include/FloatingPoint\hls_exp_.h:366]   --->   Operation 142 'bitcast' 'bitcast_ln512' <Predicate = true> <Delay = 0.00>
ST_6 : Operation 143 [1/1] (0.33ns)   --->   "%xor_ln214 = xor i1 %or_ln214_1, true" [r:/builds/2019.2/continuous/2019_11_06_2708876/src/products/hls/hls_lib/hlsmath/include/FloatingPoint\hls_exp_.h:214]   --->   Operation 143 'xor' 'xor_ln214' <Predicate = true> <Delay = 0.33> <Core = "LogicGate">   --->   Core 27 'LogicGate' <Latency = 0> <II = 1> <Delay = 0.33> <FuncUnit> <Opcode : 'and' 'or' 'xor'> <InPorts = 2> <OutPorts = 1>
ST_6 : Operation 144 [1/1] (0.00ns) (grouped into LUT with out node sel_tmp5)   --->   "%and_ln338 = and i1 %icmp_ln338, %or_ln338" [r:/builds/2019.2/continuous/2019_11_06_2708876/src/products/hls/hls_lib/hlsmath/include/FloatingPoint\hls_exp_.h:338]   --->   Operation 144 'and' 'and_ln338' <Predicate = true> <Delay = 0.00> <Core = "LogicGate">   --->   Core 27 'LogicGate' <Latency = 0> <II = 1> <Delay = 0.33> <FuncUnit> <Opcode : 'and' 'or' 'xor'> <InPorts = 2> <OutPorts = 1>
ST_6 : Operation 145 [1/1] (0.00ns) (grouped into LUT with out node sel_tmp5)   --->   "%xor_ln338 = xor i1 %icmp_ln338, true" [r:/builds/2019.2/continuous/2019_11_06_2708876/src/products/hls/hls_lib/hlsmath/include/FloatingPoint\hls_exp_.h:338]   --->   Operation 145 'xor' 'xor_ln338' <Predicate = true> <Delay = 0.00> <Core = "LogicGate">   --->   Core 27 'LogicGate' <Latency = 0> <II = 1> <Delay = 0.33> <FuncUnit> <Opcode : 'and' 'or' 'xor'> <InPorts = 2> <OutPorts = 1>
ST_6 : Operation 146 [1/1] (0.00ns) (grouped into LUT with out node sel_tmp5)   --->   "%and_ln849 = and i1 %icmp_ln849, %xor_ln338" [r:/builds/2019.2/continuous/2019_11_06_2708876/src/products/hls/hls_lib/hlsmath/include/FloatingPoint\hls_exp_.h:338]   --->   Operation 146 'and' 'and_ln849' <Predicate = true> <Delay = 0.00> <Core = "LogicGate">   --->   Core 27 'LogicGate' <Latency = 0> <II = 1> <Delay = 0.33> <FuncUnit> <Opcode : 'and' 'or' 'xor'> <InPorts = 2> <OutPorts = 1>
ST_6 : Operation 147 [1/1] (0.00ns) (grouped into LUT with out node sel_tmp5)   --->   "%or_ln849 = or i1 %and_ln338, %and_ln849" [r:/builds/2019.2/continuous/2019_11_06_2708876/src/products/hls/hls_lib/hlsmath/include/FloatingPoint\hls_exp_.h:338]   --->   Operation 147 'or' 'or_ln849' <Predicate = true> <Delay = 0.00> <Core = "LogicGate">   --->   Core 27 'LogicGate' <Latency = 0> <II = 1> <Delay = 0.33> <FuncUnit> <Opcode : 'and' 'or' 'xor'> <InPorts = 2> <OutPorts = 1>
ST_6 : Operation 148 [1/1] (0.33ns) (out node of the LUT)   --->   "%sel_tmp5 = and i1 %or_ln849, %xor_ln214" [r:/builds/2019.2/continuous/2019_11_06_2708876/src/products/hls/hls_lib/hlsmath/include/FloatingPoint\hls_exp_.h:338]   --->   Operation 148 'and' 'sel_tmp5' <Predicate = true> <Delay = 0.33> <Core = "LogicGate">   --->   Core 27 'LogicGate' <Latency = 0> <II = 1> <Delay = 0.33> <FuncUnit> <Opcode : 'and' 'or' 'xor'> <InPorts = 2> <OutPorts = 1>
ST_6 : Operation 149 [1/1] (0.49ns) (out node of the LUT)   --->   "%sel_tmp6 = select i1 %sel_tmp5, double %select_ln339, double %bitcast_ln512" [r:/builds/2019.2/continuous/2019_11_06_2708876/src/products/hls/hls_lib/hlsmath/include/FloatingPoint\hls_exp_.h:338]   --->   Operation 149 'select' 'sel_tmp6' <Predicate = true> <Delay = 0.49> <Core = "Sel">   --->   Core 26 'Sel' <Latency = 0> <II = 1> <Delay = 0.49> <FuncUnit> <Opcode : 'select'> <InPorts = 3> <OutPorts = 1>
ST_6 : Operation 150 [1/1] (0.00ns) (grouped into LUT with out node sel_tmp16)   --->   "%xor_ln338_1 = xor i1 %or_ln338, true" [r:/builds/2019.2/continuous/2019_11_06_2708876/src/products/hls/hls_lib/hlsmath/include/FloatingPoint\hls_exp_.h:338]   --->   Operation 150 'xor' 'xor_ln338_1' <Predicate = true> <Delay = 0.00> <Core = "LogicGate">   --->   Core 27 'LogicGate' <Latency = 0> <II = 1> <Delay = 0.33> <FuncUnit> <Opcode : 'and' 'or' 'xor'> <InPorts = 2> <OutPorts = 1>
ST_6 : Operation 151 [1/1] (0.00ns) (grouped into LUT with out node sel_tmp16)   --->   "%and_ln338_1 = and i1 %icmp_ln338, %xor_ln338_1" [r:/builds/2019.2/continuous/2019_11_06_2708876/src/products/hls/hls_lib/hlsmath/include/FloatingPoint\hls_exp_.h:338]   --->   Operation 151 'and' 'and_ln338_1' <Predicate = true> <Delay = 0.00> <Core = "LogicGate">   --->   Core 27 'LogicGate' <Latency = 0> <II = 1> <Delay = 0.33> <FuncUnit> <Opcode : 'and' 'or' 'xor'> <InPorts = 2> <OutPorts = 1>
ST_6 : Operation 152 [1/1] (0.00ns) (grouped into LUT with out node sel_tmp16)   --->   "%or_ln849_1 = or i1 %icmp_ln338, %icmp_ln849" [r:/builds/2019.2/continuous/2019_11_06_2708876/src/products/hls/hls_lib/hlsmath/include/FloatingPoint\hls_exp_.h:338]   --->   Operation 152 'or' 'or_ln849_1' <Predicate = true> <Delay = 0.00> <Core = "LogicGate">   --->   Core 27 'LogicGate' <Latency = 0> <II = 1> <Delay = 0.33> <FuncUnit> <Opcode : 'and' 'or' 'xor'> <InPorts = 2> <OutPorts = 1>
ST_6 : Operation 153 [1/1] (0.00ns) (grouped into LUT with out node sel_tmp16)   --->   "%xor_ln849 = xor i1 %or_ln849_1, true" [r:/builds/2019.2/continuous/2019_11_06_2708876/src/products/hls/hls_lib/hlsmath/include/FloatingPoint\hls_exp_.h:338]   --->   Operation 153 'xor' 'xor_ln849' <Predicate = true> <Delay = 0.00> <Core = "LogicGate">   --->   Core 27 'LogicGate' <Latency = 0> <II = 1> <Delay = 0.33> <FuncUnit> <Opcode : 'and' 'or' 'xor'> <InPorts = 2> <OutPorts = 1>
ST_6 : Operation 154 [1/1] (0.00ns) (grouped into LUT with out node sel_tmp16)   --->   "%or_ln849_2 = or i1 %and_ln338_1, %xor_ln849" [r:/builds/2019.2/continuous/2019_11_06_2708876/src/products/hls/hls_lib/hlsmath/include/FloatingPoint\hls_exp_.h:338]   --->   Operation 154 'or' 'or_ln849_2' <Predicate = true> <Delay = 0.00> <Core = "LogicGate">   --->   Core 27 'LogicGate' <Latency = 0> <II = 1> <Delay = 0.33> <FuncUnit> <Opcode : 'and' 'or' 'xor'> <InPorts = 2> <OutPorts = 1>
ST_6 : Operation 155 [1/1] (0.00ns) (grouped into LUT with out node sel_tmp16)   --->   "%tmp19 = and i1 %or_ln849_2, %xor_ln214" [r:/builds/2019.2/continuous/2019_11_06_2708876/src/products/hls/hls_lib/hlsmath/include/FloatingPoint\hls_exp_.h:338]   --->   Operation 155 'and' 'tmp19' <Predicate = true> <Delay = 0.00> <Core = "LogicGate">   --->   Core 27 'LogicGate' <Latency = 0> <II = 1> <Delay = 0.33> <FuncUnit> <Opcode : 'and' 'or' 'xor'> <InPorts = 2> <OutPorts = 1>
ST_6 : Operation 156 [1/1] (0.33ns) (out node of the LUT)   --->   "%sel_tmp16 = and i1 %tmp19, %icmp_ln853" [r:/builds/2019.2/continuous/2019_11_06_2708876/src/products/hls/hls_lib/hlsmath/include/FloatingPoint\hls_exp_.h:338]   --->   Operation 156 'and' 'sel_tmp16' <Predicate = true> <Delay = 0.33> <Core = "LogicGate">   --->   Core 27 'LogicGate' <Latency = 0> <II = 1> <Delay = 0.33> <FuncUnit> <Opcode : 'and' 'or' 'xor'> <InPorts = 2> <OutPorts = 1>

State 7 <SV = 6> <Delay = 0.99>
ST_7 : Operation 157 [1/1] (0.00ns)   --->   "call void (...)* @_ssdm_op_SpecPipeline(i32 -1, i32 1, i32 1, i32 0, [1 x i8]* @p_str14) nounwind" [r:/builds/2019.2/continuous/2019_11_06_2708876/src/products/hls/hls_lib/hlsmath/include/FloatingPoint\hls_exp_.h:187]   --->   Operation 157 'specpipeline' <Predicate = true> <Delay = 0.00>
ST_7 : Operation 158 [1/1] (0.00ns) (grouped into LUT with out node select_ln214_1)   --->   "%xor_ln936 = xor i1 %p_Result_22, true" [r:/builds/2019.2/continuous/2019_11_06_2708876/src/products/hls/hls_lib/hlsmath/include/FloatingPoint\hls_exp_.h:211]   --->   Operation 158 'xor' 'xor_ln936' <Predicate = (or_ln214_1 & !sel_tmp16)> <Delay = 0.00> <Core = "LogicGate">   --->   Core 27 'LogicGate' <Latency = 0> <II = 1> <Delay = 0.33> <FuncUnit> <Opcode : 'and' 'or' 'xor'> <InPorts = 2> <OutPorts = 1>
ST_7 : Operation 159 [1/1] (0.00ns) (grouped into LUT with out node select_ln214_1)   --->   "%x_is_pinf = and i1 %and_ln18, %xor_ln936" [r:/builds/2019.2/continuous/2019_11_06_2708876/src/products/hls/hls_lib/hlsmath/include/FloatingPoint\hls_exp_.h:211]   --->   Operation 159 'and' 'x_is_pinf' <Predicate = (or_ln214_1 & !sel_tmp16)> <Delay = 0.00> <Core = "LogicGate">   --->   Core 27 'LogicGate' <Latency = 0> <II = 1> <Delay = 0.33> <FuncUnit> <Opcode : 'and' 'or' 'xor'> <InPorts = 2> <OutPorts = 1>
ST_7 : Operation 160 [1/1] (0.00ns) (grouped into LUT with out node select_ln214_1)   --->   "%or_ln214 = or i1 %and_ln209, %x_is_pinf" [r:/builds/2019.2/continuous/2019_11_06_2708876/src/products/hls/hls_lib/hlsmath/include/FloatingPoint\hls_exp_.h:214]   --->   Operation 160 'or' 'or_ln214' <Predicate = (or_ln214_1 & !sel_tmp16)> <Delay = 0.00> <Core = "LogicGate">   --->   Core 27 'LogicGate' <Latency = 0> <II = 1> <Delay = 0.33> <FuncUnit> <Opcode : 'and' 'or' 'xor'> <InPorts = 2> <OutPorts = 1>
ST_7 : Operation 161 [1/1] (0.00ns) (grouped into LUT with out node select_ln214_1)   --->   "%select_ln214 = select i1 %and_ln209, double 0x7FFFFFFFFFFFFFFF, double 0x7FF0000000000000" [r:/builds/2019.2/continuous/2019_11_06_2708876/src/products/hls/hls_lib/hlsmath/include/FloatingPoint\hls_exp_.h:214]   --->   Operation 161 'select' 'select_ln214' <Predicate = (or_ln214_1 & !sel_tmp16)> <Delay = 0.00> <Core = "Sel">   --->   Core 26 'Sel' <Latency = 0> <II = 1> <Delay = 0.49> <FuncUnit> <Opcode : 'select'> <InPorts = 3> <OutPorts = 1>
ST_7 : Operation 162 [1/1] (0.49ns) (out node of the LUT)   --->   "%select_ln214_1 = select i1 %or_ln214, double %select_ln214, double 0.000000e+00" [r:/builds/2019.2/continuous/2019_11_06_2708876/src/products/hls/hls_lib/hlsmath/include/FloatingPoint\hls_exp_.h:214]   --->   Operation 162 'select' 'select_ln214_1' <Predicate = (or_ln214_1 & !sel_tmp16)> <Delay = 0.49> <Core = "Sel">   --->   Core 26 'Sel' <Latency = 0> <II = 1> <Delay = 0.49> <FuncUnit> <Opcode : 'select'> <InPorts = 3> <OutPorts = 1>
ST_7 : Operation 163 [1/1] (0.00ns) (grouped into LUT with out node UnifiedRetVal)   --->   "%select_ln214_2 = select i1 %or_ln214_1, double %select_ln214_1, double %sel_tmp6" [r:/builds/2019.2/continuous/2019_11_06_2708876/src/products/hls/hls_lib/hlsmath/include/FloatingPoint\hls_exp_.h:214]   --->   Operation 163 'select' 'select_ln214_2' <Predicate = (!sel_tmp16)> <Delay = 0.00> <Core = "Sel">   --->   Core 26 'Sel' <Latency = 0> <II = 1> <Delay = 0.49> <FuncUnit> <Opcode : 'select'> <InPorts = 3> <OutPorts = 1>
ST_7 : Operation 164 [1/1] (0.49ns) (out node of the LUT)   --->   "%UnifiedRetVal = select i1 %sel_tmp16, double 0.000000e+00, double %select_ln214_2" [r:/builds/2019.2/continuous/2019_11_06_2708876/src/products/hls/hls_lib/hlsmath/include/FloatingPoint\hls_exp_.h:338]   --->   Operation 164 'select' 'UnifiedRetVal' <Predicate = true> <Delay = 0.49> <Core = "Sel">   --->   Core 26 'Sel' <Latency = 0> <II = 1> <Delay = 0.49> <FuncUnit> <Opcode : 'select'> <InPorts = 3> <OutPorts = 1>
ST_7 : Operation 165 [1/1] (0.00ns)   --->   "ret double %UnifiedRetVal" [r:/builds/2019.2/continuous/2019_11_06_2708876/src/products/hls/hls_lib/hlsmath/include/FloatingPoint\hls_exp_.h:368]   --->   Operation 165 'ret' <Predicate = true> <Delay = 0.00>


============================================================
+ Verbose Summary: Timing violations
============================================================
Target clock period: 10ns, clock uncertainty: 1.25ns.

 <State 1>: 7.77ns
The critical path consists of the following:
	wire read on port 'x' (r:/builds/2019.2/continuous/2019_11_06_2708876/src/products/hls/hls_lib/hlsmath/include/FloatingPoint\hls_exp_.h:185) [8]  (0 ns)
	'sub' operation ('e_frac.V', r:/builds/2019.2/continuous/2019_11_06_2708876/src/products/hls/hls_lib/hlsmath/include/FloatingPoint\hls_exp_.h:253) [28]  (1.33 ns)
	'select' operation ('select_ln253', r:/builds/2019.2/continuous/2019_11_06_2708876/src/products/hls/hls_lib/hlsmath/include/FloatingPoint\hls_exp_.h:253) [29]  (0.411 ns)
	'shl' operation ('r.V', r:/builds/2019.2/continuous/2019_11_06_2708876/src/products/hls/hls_lib/hlsmath/include/FloatingPoint\hls_exp_.h:258) [41]  (0 ns)
	'select' operation ('r.V', r:/builds/2019.2/continuous/2019_11_06_2708876/src/products/hls/hls_lib/hlsmath/include/FloatingPoint\hls_exp_.h:258) [42]  (1.71 ns)
	'mul' operation of DSP[53] ('r.V', r:/builds/2019.2/continuous/2019_11_06_2708876/src/products/hls/hls_lib/hlsmath/include/FloatingPoint\hls_exp_.h:272) [50]  (0.638 ns)
	'add' operation of DSP[53] ('ret.V', r:/builds/2019.2/continuous/2019_11_06_2708876/src/products/hls/hls_lib/hlsmath/include/FloatingPoint\hls_exp_.h:272) [53]  (2.21 ns)
	'add' operation ('add_ln805', r:/builds/2019.2/continuous/2019_11_06_2708876/src/products/hls/hls_lib/hlsmath/include/FloatingPoint\hls_exp_.h:272) [58]  (0.975 ns)
	'select' operation ('select_ln805', r:/builds/2019.2/continuous/2019_11_06_2708876/src/products/hls/hls_lib/hlsmath/include/FloatingPoint\hls_exp_.h:272) [59]  (0 ns)
	'select' operation ('r_exp.V', r:/builds/2019.2/continuous/2019_11_06_2708876/src/products/hls/hls_lib/hlsmath/include/FloatingPoint\hls_exp_.h:272) [60]  (0.49 ns)

 <State 2>: 7.55ns
The critical path consists of the following:
	'mul' operation ('r.V', r:/builds/2019.2/continuous/2019_11_06_2708876/src/products/hls/hls_lib/hlsmath/include/FloatingPoint\hls_exp_.h:278) [62]  (6.04 ns)
	'sub' operation ('ret.V', r:/builds/2019.2/continuous/2019_11_06_2708876/src/products/hls/hls_lib/hlsmath/include/FloatingPoint\hls_exp_.h:284) [67]  (1.5 ns)

 <State 3>: 1.35ns
The critical path consists of the following:
	'getelementptr' operation ('table_f_Z3_array_V_s', r:/builds/2019.2/continuous/2019_11_06_2708876/src/products/hls/hls_lib/hlsmath/include/FloatingPoint\hls_exp_.h:143->r:/builds/2019.2/continuous/2019_11_06_2708876/src/products/hls/hls_lib/hlsmath/include/FloatingPoint\hls_exp_.h:322) [77]  (0 ns)
	'load' operation ('table_f_Z3_array_V_1', r:/builds/2019.2/continuous/2019_11_06_2708876/src/products/hls/hls_lib/hlsmath/include/FloatingPoint\hls_exp_.h:143->r:/builds/2019.2/continuous/2019_11_06_2708876/src/products/hls/hls_lib/hlsmath/include/FloatingPoint\hls_exp_.h:322) on array 'table_f_Z3_array_V' [78]  (1.35 ns)

 <State 4>: 8.2ns
The critical path consists of the following:
	'load' operation ('table_f_Z3_array_V_1', r:/builds/2019.2/continuous/2019_11_06_2708876/src/products/hls/hls_lib/hlsmath/include/FloatingPoint\hls_exp_.h:143->r:/builds/2019.2/continuous/2019_11_06_2708876/src/products/hls/hls_lib/hlsmath/include/FloatingPoint\hls_exp_.h:322) on array 'table_f_Z3_array_V' [78]  (1.35 ns)
	'add' operation ('ret.V', r:/builds/2019.2/continuous/2019_11_06_2708876/src/products/hls/hls_lib/hlsmath/include/FloatingPoint\hls_exp_.h:144->r:/builds/2019.2/continuous/2019_11_06_2708876/src/products/hls/hls_lib/hlsmath/include/FloatingPoint\hls_exp_.h:322) [82]  (1.21 ns)
	'mul' operation ('r.V', r:/builds/2019.2/continuous/2019_11_06_2708876/src/products/hls/hls_lib/hlsmath/include/FloatingPoint\hls_exp_.h:152->r:/builds/2019.2/continuous/2019_11_06_2708876/src/products/hls/hls_lib/hlsmath/include/FloatingPoint\hls_exp_.h:322) [90]  (4.42 ns)
	'add' operation ('add_ln657', r:/builds/2019.2/continuous/2019_11_06_2708876/src/products/hls/hls_lib/hlsmath/include/FloatingPoint\hls_exp_.h:159->r:/builds/2019.2/continuous/2019_11_06_2708876/src/products/hls/hls_lib/hlsmath/include/FloatingPoint\hls_exp_.h:322) [93]  (1.22 ns)

 <State 5>: 8.58ns
The critical path consists of the following:
	'load' operation ('__Val2__', r:/builds/2019.2/continuous/2019_11_06_2708876/src/products/hls/hls_lib/hlsmath/include/FloatingPoint\hls_exp_.h:167->r:/builds/2019.2/continuous/2019_11_06_2708876/src/products/hls/hls_lib/hlsmath/include/FloatingPoint\hls_exp_.h:322) on array 'table_f_Z2_array_V' [98]  (1.35 ns)
	'mul' operation ('r.V', r:/builds/2019.2/continuous/2019_11_06_2708876/src/products/hls/hls_lib/hlsmath/include/FloatingPoint\hls_exp_.h:171->r:/builds/2019.2/continuous/2019_11_06_2708876/src/products/hls/hls_lib/hlsmath/include/FloatingPoint\hls_exp_.h:322) [103]  (4.68 ns)
	'add' operation ('add_ln657_2', r:/builds/2019.2/continuous/2019_11_06_2708876/src/products/hls/hls_lib/hlsmath/include/FloatingPoint\hls_exp_.h:174->r:/builds/2019.2/continuous/2019_11_06_2708876/src/products/hls/hls_lib/hlsmath/include/FloatingPoint\hls_exp_.h:322) [108]  (1.25 ns)
	'add' operation ('exp_Z1P_m_1_l.V', r:/builds/2019.2/continuous/2019_11_06_2708876/src/products/hls/hls_lib/hlsmath/include/FloatingPoint\hls_exp_.h:174->r:/builds/2019.2/continuous/2019_11_06_2708876/src/products/hls/hls_lib/hlsmath/include/FloatingPoint\hls_exp_.h:322) [110]  (1.29 ns)

 <State 6>: 8.66ns
The critical path consists of the following:
	'mul' operation ('r.V', r:/builds/2019.2/continuous/2019_11_06_2708876/src/products/hls/hls_lib/hlsmath/include/FloatingPoint\hls_exp_.h:326) [117]  (4.67 ns)
	'add' operation ('add_ln1146_1', r:/builds/2019.2/continuous/2019_11_06_2708876/src/products/hls/hls_lib/hlsmath/include/FloatingPoint\hls_exp_.h:326) [124]  (1.64 ns)
	'select' operation ('r_exp.V', r:/builds/2019.2/continuous/2019_11_06_2708876/src/products/hls/hls_lib/hlsmath/include/FloatingPoint\hls_exp_.h:332) [127]  (0.49 ns)
	'icmp' operation ('icmp_ln849', r:/builds/2019.2/continuous/2019_11_06_2708876/src/products/hls/hls_lib/hlsmath/include/FloatingPoint\hls_exp_.h:338) [133]  (0.698 ns)
	'or' operation ('or_ln338', r:/builds/2019.2/continuous/2019_11_06_2708876/src/products/hls/hls_lib/hlsmath/include/FloatingPoint\hls_exp_.h:338) [134]  (0.331 ns)
	'and' operation ('and_ln338', r:/builds/2019.2/continuous/2019_11_06_2708876/src/products/hls/hls_lib/hlsmath/include/FloatingPoint\hls_exp_.h:338) [146]  (0 ns)
	'or' operation ('or_ln849', r:/builds/2019.2/continuous/2019_11_06_2708876/src/products/hls/hls_lib/hlsmath/include/FloatingPoint\hls_exp_.h:338) [149]  (0 ns)
	'and' operation ('sel_tmp5', r:/builds/2019.2/continuous/2019_11_06_2708876/src/products/hls/hls_lib/hlsmath/include/FloatingPoint\hls_exp_.h:338) [150]  (0.331 ns)
	'select' operation ('sel_tmp6', r:/builds/2019.2/continuous/2019_11_06_2708876/src/products/hls/hls_lib/hlsmath/include/FloatingPoint\hls_exp_.h:338) [151]  (0.499 ns)

 <State 7>: 0.998ns
The critical path consists of the following:
	'xor' operation ('xor_ln936', r:/builds/2019.2/continuous/2019_11_06_2708876/src/products/hls/hls_lib/hlsmath/include/FloatingPoint\hls_exp_.h:211) [19]  (0 ns)
	'and' operation ('x_is_pinf', r:/builds/2019.2/continuous/2019_11_06_2708876/src/products/hls/hls_lib/hlsmath/include/FloatingPoint\hls_exp_.h:211) [20]  (0 ns)
	'or' operation ('or_ln214', r:/builds/2019.2/continuous/2019_11_06_2708876/src/products/hls/hls_lib/hlsmath/include/FloatingPoint\hls_exp_.h:214) [21]  (0 ns)
	'select' operation ('select_ln214_1', r:/builds/2019.2/continuous/2019_11_06_2708876/src/products/hls/hls_lib/hlsmath/include/FloatingPoint\hls_exp_.h:214) [24]  (0.499 ns)
	'select' operation ('select_ln214_2', r:/builds/2019.2/continuous/2019_11_06_2708876/src/products/hls/hls_lib/hlsmath/include/FloatingPoint\hls_exp_.h:214) [152]  (0 ns)
	'select' operation ('UnifiedRetVal', r:/builds/2019.2/continuous/2019_11_06_2708876/src/products/hls/hls_lib/hlsmath/include/FloatingPoint\hls_exp_.h:338) [160]  (0.499 ns)


============================================================
+ Verbose Summary: Binding
============================================================
N/A
* FSMD analyzer results:
  - Output states:
 - Input state : 
  - Chain level:
	State 1
	State 2
	State 3
	State 4
	State 5
	State 6
	State 7


============================================================
+ Verbose Summary: Datapath Resource usage 
============================================================
N/A
